2019-03-25 08:10:18 [scrapy.utils.log] INFO: Scrapy 1.5.1 started (bot: ARGUS)
2019-03-25 08:10:18 [scrapy.utils.log] INFO: Versions: lxml 4.2.4.0, libxml2 2.9.5, cssselect 1.0.3, parsel 1.5.0, w3lib 1.19.0, Twisted 18.7.0, Python 3.6.4 (v3.6.4:d48eceb, Dec 19 2017, 06:54:40) [MSC v.1900 64 bit (AMD64)], pyOpenSSL 18.0.0 (OpenSSL 1.1.0i  14 Aug 2018), cryptography 2.3.1, Platform Windows-7-6.1.7601-SP1
2019-03-25 08:10:18 [scrapy.crawler] INFO: Overridden settings: {'AJAXCRAWL_ENABLED': True, 'BOT_NAME': 'ARGUS', 'COMPRESSION_ENABLED': False, 'CONCURRENT_ITEMS': 200, 'CONCURRENT_REQUESTS': 100, 'COOKIES_ENABLED': False, 'DOWNLOAD_MAXSIZE': 10000000, 'DOWNLOAD_TIMEOUT': 20, 'FEED_URI': 'file:///C:/ARGUS-webarchive/ARGUS-webarchive/items/ARGUS/header/09d510264ecd11e9b21800505680340c.jl', 'LOG_FILE': 'logs\\ARGUS\\header\\09d510264ecd11e9b21800505680340c.log', 'LOG_LEVEL': 'INFO', 'NEWSPIDER_MODULE': 'ARGUS.spiders', 'REACTOR_THREADPOOL_MAXSIZE': 30, 'REDIRECT_MAX_TIMES': 2, 'RETRY_ENABLED': False, 'SPIDER_MODULES': ['ARGUS.spiders']}
2019-03-25 08:10:18 [py.warnings] WARNING: c:\python36\lib\site-packages\scrapy\utils\deprecate.py:156: ScrapyDeprecationWarning: `scrapy.contrib.feedexport.FeedExporter` class is deprecated, use `scrapy.extensions.feedexport.FeedExporter` instead
  ScrapyDeprecationWarning)

2019-03-25 08:10:18 [scrapy.middleware] INFO: Enabled extensions:
['scrapy.extensions.corestats.CoreStats',
 'scrapy.extensions.telnet.TelnetConsole',
 'scrapy.extensions.logstats.LogStats']
2019-03-25 08:10:18 [scrapy.middleware] INFO: Enabled downloader middlewares:
['scrapy.downloadermiddlewares.httpauth.HttpAuthMiddleware',
 'scrapy.downloadermiddlewares.downloadtimeout.DownloadTimeoutMiddleware',
 'scrapy.downloadermiddlewares.defaultheaders.DefaultHeadersMiddleware',
 'scrapy_fake_useragent.middleware.RandomUserAgentMiddleware',
 'scrapy.downloadermiddlewares.redirect.RedirectMiddleware',
 'scrapy.downloadermiddlewares.ajaxcrawl.AjaxCrawlMiddleware',
 'scrapy.downloadermiddlewares.redirect.MetaRefreshMiddleware',
 'scrapy.downloadermiddlewares.httpproxy.HttpProxyMiddleware',
 'scrapy.downloadermiddlewares.stats.DownloaderStats']
2019-03-25 08:10:18 [scrapy.middleware] INFO: Enabled spider middlewares:
['scrapy.spidermiddlewares.httperror.HttpErrorMiddleware',
 'scrapy.spidermiddlewares.offsite.OffsiteMiddleware',
 'scrapy.spidermiddlewares.referer.RefererMiddleware',
 'scrapy.spidermiddlewares.urllength.UrlLengthMiddleware',
 'scrapy.spidermiddlewares.depth.DepthMiddleware']
2019-03-25 08:10:18 [scrapy.middleware] INFO: Enabled item pipelines:
['ARGUS.pipelines.TextPipeline']
2019-03-25 08:10:18 [scrapy.core.engine] INFO: Spider opened
2019-03-25 08:10:18 [scrapy.extensions.logstats] INFO: Crawled 0 pages (at 0 pages/min), scraped 0 items (at 0 items/min)
2019-03-25 08:10:18 [scrapy.core.scraper] ERROR: Error processing {'ID': [2],
 'dl_slot': ['mannheim.de'],
 'error': ['None'],
 'redirect': [False],
 'scrape_counter': [2],
 'scraped_text': [[<built-in method join of str object at 0x0000000001CC6D18>,
                   ['title', ['Startseite | Mannheim.de']],
                   '*',
                   ['description', ['']],
                   '*',
                   ['keywords', ['']]],
                  [<built-in method join of str object at 0x0000000001CC6D18>,
                   ['title',
                    ['Ihr zentraler Kontakt zur Stadt Mannheim: Telefon 115 | '
                     'Mannheim.de']],
                   '*',
                   ['description', ['']],
                   '*',
                   ['keywords', ['']]]],
 'scraped_urls': ['https://www.mannheim.de/de',
                  'https://www.mannheim.de/de/kontakt'],
 'start_domain': ['www.mannheim.de'],
 'start_page': ['https://www.mannheim.de/de']}
Traceback (most recent call last):
  File "c:\python36\lib\site-packages\twisted\internet\defer.py", line 654, in _runCallbacks
    current.result = callback(current.result, *args, **kw)
  File "C:\ARGUS-webarchive\ARGUS-webarchive\ARGUS\pipelines.py", line 52, in process_item
    text_piece = tagchunk[-1]
TypeError: 'builtin_function_or_method' object is not subscriptable
2019-03-25 08:10:19 [scrapy.core.scraper] ERROR: Error processing {'ID': [4],
 'dl_slot': ['focus.de'],
 'error': ['None'],
 'redirect': [False],
 'scrape_counter': [2],
 'scraped_text': [[<built-in method join of str object at 0x0000000001CC6D18>,
                   ['title', ['FOCUS Online - Nachrichten Path']],
                   '*',
                   ['description',
                    ['FOCUS Online – minutenaktuelle Nachrichten und '
                     'Service-Informationen von Deutschlands modernem '
                     'Nachrichtenmagazin.']],
                   '*',
                   ['keywords', ['']]],
                  [<built-in method join of str object at 0x0000000001CC6D18>,
                   ['title', ['Auto - FOCUS Online - Nachrichten']],
                   '*',
                   ['description',
                    ['Das Auto-Ressort von FOCUS Online bietet aktuelle '
                     'Fahrberichte zu den neuesten Autos, einen interaktiven '
                     'Katalog für Neuwagen mit allen Daten und Preisen sowie '
                     'tagesaktuelle News zum Thema Auto und Motorrad.']],
                   '*',
                   ['keywords', ['']]]],
 'scraped_urls': ['https://www.focus.de/', 'https://www.focus.de/auto/'],
 'start_domain': ['www.focus.de'],
 'start_page': ['https://www.focus.de/']}
Traceback (most recent call last):
  File "c:\python36\lib\site-packages\twisted\internet\defer.py", line 654, in _runCallbacks
    current.result = callback(current.result, *args, **kw)
  File "C:\ARGUS-webarchive\ARGUS-webarchive\ARGUS\pipelines.py", line 52, in process_item
    text_piece = tagchunk[-1]
TypeError: 'builtin_function_or_method' object is not subscriptable
2019-03-25 08:10:19 [scrapy.core.scraper] ERROR: Error processing {'ID': [3],
 'dl_slot': ['spiegel.de'],
 'error': ['None'],
 'redirect': [False],
 'scrape_counter': [2],
 'scraped_text': [[<built-in method join of str object at 0x0000000001CC6D18>,
                   ['title', ['SPIEGEL ONLINE - Aktuelle Nachrichten']],
                   '*',
                   ['description',
                    ['Deutschlands führende Nachrichtenseite. Alles Wichtige '
                     'aus Politik, Wirtschaft, Sport, Kultur, Wissenschaft, '
                     'Technik und mehr.']],
                   '*',
                   ['keywords', ['']]],
                  [<built-in method join of str object at 0x0000000001CC6D18>,
                   ['title', ['Auto und Mobilität - SPIEGEL ONLINE']],
                   '*',
                   ['description',
                    ['Deutschlands führende Nachrichtenseite. Alles Wichtige '
                     'aus Politik, Wirtschaft, Sport, Kultur, Wissenschaft, '
                     'Technik und mehr.']],
                   '*',
                   ['keywords', ['']]]],
 'scraped_urls': ['http://www.spiegel.de/', 'http://www.spiegel.de/auto/'],
 'start_domain': ['www.spiegel.de'],
 'start_page': ['http://www.spiegel.de/']}
Traceback (most recent call last):
  File "c:\python36\lib\site-packages\twisted\internet\defer.py", line 654, in _runCallbacks
    current.result = callback(current.result, *args, **kw)
  File "C:\ARGUS-webarchive\ARGUS-webarchive\ARGUS\pipelines.py", line 52, in process_item
    text_piece = tagchunk[-1]
TypeError: 'builtin_function_or_method' object is not subscriptable
2019-03-25 08:10:19 [scrapy.core.scraper] ERROR: Error processing {'ID': [5],
 'dl_slot': ['microsoft.com'],
 'error': ['None'],
 'redirect': [False],
 'scrape_counter': [2],
 'scraped_text': [[<built-in method join of str object at 0x0000000001CC6D18>,
                   ['title', ['Microsoft - Official Home Page']],
                   '*',
                   ['description',
                    ['At Microsoft our mission and values are to help people '
                     'and businesses throughout the world realize their full '
                     'potential.']],
                   '*',
                   ['keywords', ['']]],
                  [<built-in method join of str object at 0x0000000001CC6D18>,
                   ['title',
                    ['Über Microsoft | Mission und Vision | Microsoft']],
                   '*',
                   ['description',
                    ['Our mission is to empower every person and every '
                     'organization on the planet to achieve more. Weitere '
                     'Informationen über unser Unternehmen, wer wir sind und '
                     'wofür wir uns einsetzen.']],
                   '*',
                   ['keywords',
                    ['Über Microsoft,Microsoft,Webseite Über '
                     'Microsoft,Microsoft – Informationen,Microsoft – '
                     'Philosophie,Microsoft – Leitlinien,Microsoft – Blick in '
                     'die Zukunft']]]],
 'scraped_urls': ['https://www.microsoft.com/de-de/',
                  'https://www.microsoft.com/de-de/about'],
 'start_domain': ['www.microsoft.com'],
 'start_page': ['https://www.microsoft.com/de-de/']}
Traceback (most recent call last):
  File "c:\python36\lib\site-packages\twisted\internet\defer.py", line 654, in _runCallbacks
    current.result = callback(current.result, *args, **kw)
  File "C:\ARGUS-webarchive\ARGUS-webarchive\ARGUS\pipelines.py", line 52, in process_item
    text_piece = tagchunk[-1]
TypeError: 'builtin_function_or_method' object is not subscriptable
2019-03-25 08:10:20 [scrapy.core.scraper] ERROR: Error processing {'ID': [1],
 'dl_slot': ['zew.de'],
 'error': ['None'],
 'redirect': [False],
 'scrape_counter': [2],
 'scraped_text': [[<built-in method join of str object at 0x0000000001CC6D18>,
                   ['title',
                    ['ZEW – Leibniz-Zentrum für Europäische '
                     'Wirtschaftsforschung - Startseite']],
                   '*',
                   ['description',
                    ['Aktuelle Meldungen, Pressemitteilungen und Informationen '
                     'zu Publikationen und Veranstaltungen des ZEW – '
                     'Leibniz-Zentrum für Europäische Wirtschaftsforschung']],
                   '*',
                   ['keywords', ['']]],
                  [<built-in method join of str object at 0x0000000001CC6D18>,
                   ['title',
                    ['ZEW – Leibniz-Zentrum für Europäische '
                     'Wirtschaftsforschung - Startseite']],
                   '*',
                   ['description',
                    ['Aktuelle Meldungen, Pressemitteilungen und Informationen '
                     'zu Publikationen und Veranstaltungen des ZEW – '
                     'Leibniz-Zentrum für Europäische Wirtschaftsforschung']],
                   '*',
                   ['keywords', ['']]]],
 'scraped_urls': ['https://www.zew.de/', 'https://www.zew.de/de/'],
 'start_domain': ['www.zew.de'],
 'start_page': ['https://www.zew.de/']}
Traceback (most recent call last):
  File "c:\python36\lib\site-packages\twisted\internet\defer.py", line 654, in _runCallbacks
    current.result = callback(current.result, *args, **kw)
  File "C:\ARGUS-webarchive\ARGUS-webarchive\ARGUS\pipelines.py", line 52, in process_item
    text_piece = tagchunk[-1]
TypeError: 'builtin_function_or_method' object is not subscriptable
2019-03-25 08:10:20 [scrapy.core.engine] INFO: Closing spider (finished)
2019-03-25 08:10:20 [scrapy.statscollectors] INFO: Dumping Scrapy stats:
{'downloader/request_bytes': 5571,
 'downloader/request_count': 21,
 'downloader/request_method_count/GET': 21,
 'downloader/response_bytes': 2260094,
 'downloader/response_count': 21,
 'downloader/response_status_count/200': 10,
 'downloader/response_status_count/301': 10,
 'downloader/response_status_count/302': 1,
 'finish_reason': 'finished',
 'finish_time': datetime.datetime(2019, 3, 25, 7, 10, 20, 601666),
 'log_count/ERROR': 5,
 'log_count/INFO': 7,
 'log_count/WARNING': 1,
 'request_depth_max': 4,
 'response_received_count': 13,
 'scheduler/dequeued': 21,
 'scheduler/dequeued/memory': 21,
 'scheduler/enqueued': 21,
 'scheduler/enqueued/memory': 21,
 'start_time': datetime.datetime(2019, 3, 25, 7, 10, 18, 303436)}
2019-03-25 08:10:20 [scrapy.core.engine] INFO: Spider closed (finished)
