2019-01-14 10:09:56 [scrapy.utils.log] INFO: Scrapy 1.5.1 started (bot: ARGUS)
2019-01-14 10:09:56 [scrapy.utils.log] INFO: Versions: lxml 4.2.4.0, libxml2 2.9.5, cssselect 1.0.3, parsel 1.5.0, w3lib 1.19.0, Twisted 18.7.0, Python 3.6.4 (v3.6.4:d48eceb, Dec 19 2017, 06:54:40) [MSC v.1900 64 bit (AMD64)], pyOpenSSL 18.0.0 (OpenSSL 1.1.0i  14 Aug 2018), cryptography 2.3.1, Platform Windows-7-6.1.7601-SP1
2019-01-14 10:09:56 [scrapy.crawler] INFO: Overridden settings: {'AJAXCRAWL_ENABLED': True, 'BOT_NAME': 'ARGUS', 'COMPRESSION_ENABLED': False, 'CONCURRENT_ITEMS': 200, 'CONCURRENT_REQUESTS': 100, 'COOKIES_ENABLED': False, 'DOWNLOAD_MAXSIZE': 10000000, 'DOWNLOAD_TIMEOUT': 20, 'FEED_URI': 'file:///C:/ARGUS-webarchive/ARGUS-webarchive/items/ARGUS/textspider/2767875c17dc11e99a4500505680340c.jl', 'LOG_FILE': 'logs\\ARGUS\\textspider\\2767875c17dc11e99a4500505680340c.log', 'LOG_LEVEL': 'INFO', 'NEWSPIDER_MODULE': 'ARGUS.spiders', 'REACTOR_THREADPOOL_MAXSIZE': 30, 'RETRY_ENABLED': False, 'SPIDER_MODULES': ['ARGUS.spiders']}
2019-01-14 10:09:56 [py.warnings] WARNING: c:\python36\lib\site-packages\scrapy\utils\deprecate.py:156: ScrapyDeprecationWarning: `scrapy.contrib.feedexport.FeedExporter` class is deprecated, use `scrapy.extensions.feedexport.FeedExporter` instead
  ScrapyDeprecationWarning)

2019-01-14 10:09:56 [scrapy.middleware] INFO: Enabled extensions:
['scrapy.extensions.corestats.CoreStats',
 'scrapy.extensions.telnet.TelnetConsole',
 'scrapy.extensions.logstats.LogStats']
2019-01-14 10:09:56 [scrapy.middleware] INFO: Enabled downloader middlewares:
['scrapy.downloadermiddlewares.httpauth.HttpAuthMiddleware',
 'scrapy.downloadermiddlewares.downloadtimeout.DownloadTimeoutMiddleware',
 'scrapy.downloadermiddlewares.defaultheaders.DefaultHeadersMiddleware',
 'scrapy_fake_useragent.middleware.RandomUserAgentMiddleware',
 'scrapy.downloadermiddlewares.ajaxcrawl.AjaxCrawlMiddleware',
 'scrapy.downloadermiddlewares.redirect.MetaRefreshMiddleware',
 'scrapy.downloadermiddlewares.redirect.RedirectMiddleware',
 'scrapy.downloadermiddlewares.httpproxy.HttpProxyMiddleware',
 'scrapy.downloadermiddlewares.stats.DownloaderStats']
2019-01-14 10:09:56 [scrapy.middleware] INFO: Enabled spider middlewares:
['scrapy.spidermiddlewares.httperror.HttpErrorMiddleware',
 'scrapy.spidermiddlewares.offsite.OffsiteMiddleware',
 'scrapy.spidermiddlewares.referer.RefererMiddleware',
 'scrapy.spidermiddlewares.urllength.UrlLengthMiddleware',
 'scrapy.spidermiddlewares.depth.DepthMiddleware']
2019-01-14 10:09:56 [scrapy.middleware] INFO: Enabled item pipelines:
['ARGUS.pipelines.TextPipeline']
2019-01-14 10:09:56 [scrapy.core.engine] INFO: Spider opened
2019-01-14 10:09:56 [scrapy.extensions.logstats] INFO: Crawled 0 pages (at 0 pages/min), scraped 0 items (at 0 items/min)
2019-01-14 10:10:03 [scrapy.core.scraper] ERROR: Spider error processing <GET https://web.archive.org/web/20020926150614/http://www.agcity.de:80/> (referer: https://web.archive.org/web/20011130111943/http://www.agcity.de:80/)
Traceback (most recent call last):
  File "c:\python36\lib\site-packages\scrapy\utils\defer.py", line 102, in iter_errback
    yield next(it)
  File "c:\python36\lib\site-packages\scrapy\spidermiddlewares\offsite.py", line 30, in process_spider_output
    for x in result:
  File "c:\python36\lib\site-packages\scrapy\spidermiddlewares\referer.py", line 339, in <genexpr>
    return (_set_referer(r) for r in result or ())
  File "c:\python36\lib\site-packages\scrapy\spidermiddlewares\urllength.py", line 37, in <genexpr>
    return (r for r in result or () if _filter(r))
  File "c:\python36\lib\site-packages\scrapy\spidermiddlewares\depth.py", line 58, in <genexpr>
    return (r for r in result or () if _filter(r))
  File "C:\ARGUS-webarchive\ARGUS-webarchive\ARGUS\spiders\textspider.py", line 279, in processURLstack
    yield scrapy.Request(urlstack.pop(0).to_archive_url(), meta={"loader": loader, "urlstack": urlstack, "fingerprints": fingerprints, 'handle_httpstatus_all': True}, dont_filter=True, callback=self.parse_archive_subpage, errback=self.processURLstack)
IndexError: pop from empty list
2019-01-14 10:10:03 [scrapy.core.scraper] ERROR: Spider error processing <GET https://web.archive.org/web/20010405072306/http://www.alfred-eichelberger.de:80/> (referer: https://web.archive.org/web/20010515222555/http://www.alfred-eichelberger.de:80/)
Traceback (most recent call last):
  File "c:\python36\lib\site-packages\scrapy\utils\defer.py", line 102, in iter_errback
    yield next(it)
  File "c:\python36\lib\site-packages\scrapy\spidermiddlewares\offsite.py", line 30, in process_spider_output
    for x in result:
  File "c:\python36\lib\site-packages\scrapy\spidermiddlewares\referer.py", line 339, in <genexpr>
    return (_set_referer(r) for r in result or ())
  File "c:\python36\lib\site-packages\scrapy\spidermiddlewares\urllength.py", line 37, in <genexpr>
    return (r for r in result or () if _filter(r))
  File "c:\python36\lib\site-packages\scrapy\spidermiddlewares\depth.py", line 58, in <genexpr>
    return (r for r in result or () if _filter(r))
  File "C:\ARGUS-webarchive\ARGUS-webarchive\ARGUS\spiders\textspider.py", line 279, in processURLstack
    yield scrapy.Request(urlstack.pop(0).to_archive_url(), meta={"loader": loader, "urlstack": urlstack, "fingerprints": fingerprints, 'handle_httpstatus_all': True}, dont_filter=True, callback=self.parse_archive_subpage, errback=self.processURLstack)
IndexError: pop from empty list
2019-01-14 10:10:03 [scrapy.core.scraper] ERROR: Spider error processing <GET https://web.archive.org/web/20121209093635/http://www.alre.de/> (referer: https://web.archive.org/web/20110209045017/http://www.alre.de/)
Traceback (most recent call last):
  File "c:\python36\lib\site-packages\scrapy\utils\defer.py", line 102, in iter_errback
    yield next(it)
  File "c:\python36\lib\site-packages\scrapy\spidermiddlewares\offsite.py", line 30, in process_spider_output
    for x in result:
  File "c:\python36\lib\site-packages\scrapy\spidermiddlewares\referer.py", line 339, in <genexpr>
    return (_set_referer(r) for r in result or ())
  File "c:\python36\lib\site-packages\scrapy\spidermiddlewares\urllength.py", line 37, in <genexpr>
    return (r for r in result or () if _filter(r))
  File "c:\python36\lib\site-packages\scrapy\spidermiddlewares\depth.py", line 58, in <genexpr>
    return (r for r in result or () if _filter(r))
  File "C:\ARGUS-webarchive\ARGUS-webarchive\ARGUS\spiders\textspider.py", line 279, in processURLstack
    yield scrapy.Request(urlstack.pop(0).to_archive_url(), meta={"loader": loader, "urlstack": urlstack, "fingerprints": fingerprints, 'handle_httpstatus_all': True}, dont_filter=True, callback=self.parse_archive_subpage, errback=self.processURLstack)
IndexError: pop from empty list
2019-01-14 10:10:03 [scrapy.core.scraper] ERROR: Spider error processing <GET https://web.archive.org/web/20020926150614/http://www.agcity.de:80/> (referer: https://web.archive.org/web/20011130111943/http://www.agcity.de:80/)
Traceback (most recent call last):
  File "c:\python36\lib\site-packages\scrapy\utils\defer.py", line 102, in iter_errback
    yield next(it)
  File "c:\python36\lib\site-packages\scrapy\spidermiddlewares\offsite.py", line 30, in process_spider_output
    for x in result:
  File "c:\python36\lib\site-packages\scrapy\spidermiddlewares\referer.py", line 339, in <genexpr>
    return (_set_referer(r) for r in result or ())
  File "c:\python36\lib\site-packages\scrapy\spidermiddlewares\urllength.py", line 37, in <genexpr>
    return (r for r in result or () if _filter(r))
  File "c:\python36\lib\site-packages\scrapy\spidermiddlewares\depth.py", line 58, in <genexpr>
    return (r for r in result or () if _filter(r))
  File "C:\ARGUS-webarchive\ARGUS-webarchive\ARGUS\spiders\textspider.py", line 279, in processURLstack
    yield scrapy.Request(urlstack.pop(0).to_archive_url(), meta={"loader": loader, "urlstack": urlstack, "fingerprints": fingerprints, 'handle_httpstatus_all': True}, dont_filter=True, callback=self.parse_archive_subpage, errback=self.processURLstack)
IndexError: pop from empty list
2019-01-14 10:10:03 [scrapy.core.scraper] ERROR: Spider error processing <GET https://web.archive.org/web/20120119023555/http://www.adler-wohndesign.de/> (referer: https://web.archive.org/web/20111231121453/http://www.adler-wohndesign.de:80/)
Traceback (most recent call last):
  File "c:\python36\lib\site-packages\scrapy\utils\defer.py", line 102, in iter_errback
    yield next(it)
  File "c:\python36\lib\site-packages\scrapy\spidermiddlewares\offsite.py", line 30, in process_spider_output
    for x in result:
  File "c:\python36\lib\site-packages\scrapy\spidermiddlewares\referer.py", line 339, in <genexpr>
    return (_set_referer(r) for r in result or ())
  File "c:\python36\lib\site-packages\scrapy\spidermiddlewares\urllength.py", line 37, in <genexpr>
    return (r for r in result or () if _filter(r))
  File "c:\python36\lib\site-packages\scrapy\spidermiddlewares\depth.py", line 58, in <genexpr>
    return (r for r in result or () if _filter(r))
  File "C:\ARGUS-webarchive\ARGUS-webarchive\ARGUS\spiders\textspider.py", line 279, in processURLstack
    yield scrapy.Request(urlstack.pop(0).to_archive_url(), meta={"loader": loader, "urlstack": urlstack, "fingerprints": fingerprints, 'handle_httpstatus_all': True}, dont_filter=True, callback=self.parse_archive_subpage, errback=self.processURLstack)
IndexError: pop from empty list
2019-01-14 10:10:04 [scrapy.core.scraper] ERROR: Spider error processing <GET https://web.archive.org/web/20020527065138/http://allbau-berlin.de:80/> (referer: https://web.archive.org/web/20020806101022/http://allbau-berlin.de:80/)
Traceback (most recent call last):
  File "c:\python36\lib\site-packages\scrapy\utils\defer.py", line 102, in iter_errback
    yield next(it)
  File "c:\python36\lib\site-packages\scrapy\spidermiddlewares\offsite.py", line 30, in process_spider_output
    for x in result:
  File "c:\python36\lib\site-packages\scrapy\spidermiddlewares\referer.py", line 339, in <genexpr>
    return (_set_referer(r) for r in result or ())
  File "c:\python36\lib\site-packages\scrapy\spidermiddlewares\urllength.py", line 37, in <genexpr>
    return (r for r in result or () if _filter(r))
  File "c:\python36\lib\site-packages\scrapy\spidermiddlewares\depth.py", line 58, in <genexpr>
    return (r for r in result or () if _filter(r))
  File "C:\ARGUS-webarchive\ARGUS-webarchive\ARGUS\spiders\textspider.py", line 279, in processURLstack
    yield scrapy.Request(urlstack.pop(0).to_archive_url(), meta={"loader": loader, "urlstack": urlstack, "fingerprints": fingerprints, 'handle_httpstatus_all': True}, dont_filter=True, callback=self.parse_archive_subpage, errback=self.processURLstack)
IndexError: pop from empty list
2019-01-14 10:10:04 [scrapy.core.scraper] ERROR: Spider error processing <GET https://web.archive.org/web/20031010110843/http://aks-berlin.de:80/> (referer: https://web.archive.org/web/20021128171523/http://aks-berlin.de:80/)
Traceback (most recent call last):
  File "c:\python36\lib\site-packages\scrapy\utils\defer.py", line 102, in iter_errback
    yield next(it)
  File "c:\python36\lib\site-packages\scrapy\spidermiddlewares\offsite.py", line 30, in process_spider_output
    for x in result:
  File "c:\python36\lib\site-packages\scrapy\spidermiddlewares\referer.py", line 339, in <genexpr>
    return (_set_referer(r) for r in result or ())
  File "c:\python36\lib\site-packages\scrapy\spidermiddlewares\urllength.py", line 37, in <genexpr>
    return (r for r in result or () if _filter(r))
  File "c:\python36\lib\site-packages\scrapy\spidermiddlewares\depth.py", line 58, in <genexpr>
    return (r for r in result or () if _filter(r))
  File "C:\ARGUS-webarchive\ARGUS-webarchive\ARGUS\spiders\textspider.py", line 279, in processURLstack
    yield scrapy.Request(urlstack.pop(0).to_archive_url(), meta={"loader": loader, "urlstack": urlstack, "fingerprints": fingerprints, 'handle_httpstatus_all': True}, dont_filter=True, callback=self.parse_archive_subpage, errback=self.processURLstack)
IndexError: pop from empty list
2019-01-14 10:10:04 [scrapy.core.scraper] ERROR: Spider error processing <GET https://web.archive.org/web/19991127231323*/http://aamex.de:80/> (referer: https://web.archive.org/web/19991127231323/http://aamex.de:80/)
Traceback (most recent call last):
  File "c:\python36\lib\site-packages\scrapy\utils\defer.py", line 102, in iter_errback
    yield next(it)
  File "c:\python36\lib\site-packages\scrapy\spidermiddlewares\offsite.py", line 30, in process_spider_output
    for x in result:
  File "c:\python36\lib\site-packages\scrapy\spidermiddlewares\referer.py", line 339, in <genexpr>
    return (_set_referer(r) for r in result or ())
  File "c:\python36\lib\site-packages\scrapy\spidermiddlewares\urllength.py", line 37, in <genexpr>
    return (r for r in result or () if _filter(r))
  File "c:\python36\lib\site-packages\scrapy\spidermiddlewares\depth.py", line 58, in <genexpr>
    return (r for r in result or () if _filter(r))
  File "C:\ARGUS-webarchive\ARGUS-webarchive\ARGUS\spiders\textspider.py", line 279, in processURLstack
    yield scrapy.Request(urlstack.pop(0).to_archive_url(), meta={"loader": loader, "urlstack": urlstack, "fingerprints": fingerprints, 'handle_httpstatus_all': True}, dont_filter=True, callback=self.parse_archive_subpage, errback=self.processURLstack)
IndexError: pop from empty list
2019-01-14 10:10:04 [scrapy.core.scraper] ERROR: Spider error processing <GET https://web.archive.org/web/20020727185009/http://ambeg.de:80/> (referer: https://web.archive.org/web/20020524153117/http://www.ambeg.de:80/)
Traceback (most recent call last):
  File "c:\python36\lib\site-packages\scrapy\utils\defer.py", line 102, in iter_errback
    yield next(it)
  File "c:\python36\lib\site-packages\scrapy\spidermiddlewares\offsite.py", line 30, in process_spider_output
    for x in result:
  File "c:\python36\lib\site-packages\scrapy\spidermiddlewares\referer.py", line 339, in <genexpr>
    return (_set_referer(r) for r in result or ())
  File "c:\python36\lib\site-packages\scrapy\spidermiddlewares\urllength.py", line 37, in <genexpr>
    return (r for r in result or () if _filter(r))
  File "c:\python36\lib\site-packages\scrapy\spidermiddlewares\depth.py", line 58, in <genexpr>
    return (r for r in result or () if _filter(r))
  File "C:\ARGUS-webarchive\ARGUS-webarchive\ARGUS\spiders\textspider.py", line 279, in processURLstack
    yield scrapy.Request(urlstack.pop(0).to_archive_url(), meta={"loader": loader, "urlstack": urlstack, "fingerprints": fingerprints, 'handle_httpstatus_all': True}, dont_filter=True, callback=self.parse_archive_subpage, errback=self.processURLstack)
IndexError: pop from empty list
2019-01-14 10:10:05 [scrapy.core.scraper] ERROR: Spider error processing <GET https://web.archive.org/web/20040212114111/http://www.ambrosetti.de:80/start.htm> (referer: https://web.archive.org/web/20021210043512/http://www.ambrosetti.de:80/start.htm)
Traceback (most recent call last):
  File "c:\python36\lib\site-packages\scrapy\utils\defer.py", line 102, in iter_errback
    yield next(it)
  File "c:\python36\lib\site-packages\scrapy\spidermiddlewares\offsite.py", line 30, in process_spider_output
    for x in result:
  File "c:\python36\lib\site-packages\scrapy\spidermiddlewares\referer.py", line 339, in <genexpr>
    return (_set_referer(r) for r in result or ())
  File "c:\python36\lib\site-packages\scrapy\spidermiddlewares\urllength.py", line 37, in <genexpr>
    return (r for r in result or () if _filter(r))
  File "c:\python36\lib\site-packages\scrapy\spidermiddlewares\depth.py", line 58, in <genexpr>
    return (r for r in result or () if _filter(r))
  File "C:\ARGUS-webarchive\ARGUS-webarchive\ARGUS\spiders\textspider.py", line 279, in processURLstack
    yield scrapy.Request(urlstack.pop(0).to_archive_url(), meta={"loader": loader, "urlstack": urlstack, "fingerprints": fingerprints, 'handle_httpstatus_all': True}, dont_filter=True, callback=self.parse_archive_subpage, errback=self.processURLstack)
IndexError: pop from empty list
2019-01-14 10:10:05 [scrapy.core.scraper] ERROR: Spider error processing <GET https://web.archive.org/web/20070526163857/http://www.3s-gmbh.de:80/main.htm> (referer: https://web.archive.org/web/20070825105518/http://www.3s-gmbh.de:80/main.htm)
Traceback (most recent call last):
  File "c:\python36\lib\site-packages\scrapy\utils\defer.py", line 102, in iter_errback
    yield next(it)
  File "c:\python36\lib\site-packages\scrapy\spidermiddlewares\offsite.py", line 30, in process_spider_output
    for x in result:
  File "c:\python36\lib\site-packages\scrapy\spidermiddlewares\referer.py", line 339, in <genexpr>
    return (_set_referer(r) for r in result or ())
  File "c:\python36\lib\site-packages\scrapy\spidermiddlewares\urllength.py", line 37, in <genexpr>
    return (r for r in result or () if _filter(r))
  File "c:\python36\lib\site-packages\scrapy\spidermiddlewares\depth.py", line 58, in <genexpr>
    return (r for r in result or () if _filter(r))
  File "C:\ARGUS-webarchive\ARGUS-webarchive\ARGUS\spiders\textspider.py", line 279, in processURLstack
    yield scrapy.Request(urlstack.pop(0).to_archive_url(), meta={"loader": loader, "urlstack": urlstack, "fingerprints": fingerprints, 'handle_httpstatus_all': True}, dont_filter=True, callback=self.parse_archive_subpage, errback=self.processURLstack)
IndexError: pop from empty list
2019-01-14 10:10:07 [scrapy.core.scraper] ERROR: Spider error processing <GET https://web.archive.org/web/20010204125100*/http://www.abe-minuth.de:80/index2.htm> (referer: https://web.archive.org/web/20060309092124/http:/www.abe-minuth.de/main.htm)
Traceback (most recent call last):
  File "c:\python36\lib\site-packages\scrapy\utils\defer.py", line 102, in iter_errback
    yield next(it)
  File "c:\python36\lib\site-packages\scrapy\spidermiddlewares\offsite.py", line 30, in process_spider_output
    for x in result:
  File "c:\python36\lib\site-packages\scrapy\spidermiddlewares\referer.py", line 339, in <genexpr>
    return (_set_referer(r) for r in result or ())
  File "c:\python36\lib\site-packages\scrapy\spidermiddlewares\urllength.py", line 37, in <genexpr>
    return (r for r in result or () if _filter(r))
  File "c:\python36\lib\site-packages\scrapy\spidermiddlewares\depth.py", line 58, in <genexpr>
    return (r for r in result or () if _filter(r))
  File "C:\ARGUS-webarchive\ARGUS-webarchive\ARGUS\spiders\textspider.py", line 279, in processURLstack
    yield scrapy.Request(urlstack.pop(0).to_archive_url(), meta={"loader": loader, "urlstack": urlstack, "fingerprints": fingerprints, 'handle_httpstatus_all': True}, dont_filter=True, callback=self.parse_archive_subpage, errback=self.processURLstack)
IndexError: pop from empty list
2019-01-14 10:10:07 [scrapy.core.scraper] ERROR: Spider error processing <GET https://web.archive.org/web/20100111080037/http://www.adr-berlin.de:80/> (referer: https://web.archive.org/web/20090321075628/http://www.siteground.com/)
Traceback (most recent call last):
  File "c:\python36\lib\site-packages\scrapy\utils\defer.py", line 102, in iter_errback
    yield next(it)
  File "c:\python36\lib\site-packages\scrapy\spidermiddlewares\offsite.py", line 30, in process_spider_output
    for x in result:
  File "c:\python36\lib\site-packages\scrapy\spidermiddlewares\referer.py", line 339, in <genexpr>
    return (_set_referer(r) for r in result or ())
  File "c:\python36\lib\site-packages\scrapy\spidermiddlewares\urllength.py", line 37, in <genexpr>
    return (r for r in result or () if _filter(r))
  File "c:\python36\lib\site-packages\scrapy\spidermiddlewares\depth.py", line 58, in <genexpr>
    return (r for r in result or () if _filter(r))
  File "C:\ARGUS-webarchive\ARGUS-webarchive\ARGUS\spiders\textspider.py", line 279, in processURLstack
    yield scrapy.Request(urlstack.pop(0).to_archive_url(), meta={"loader": loader, "urlstack": urlstack, "fingerprints": fingerprints, 'handle_httpstatus_all': True}, dont_filter=True, callback=self.parse_archive_subpage, errback=self.processURLstack)
IndexError: pop from empty list
2019-01-14 10:10:11 [scrapy.core.scraper] ERROR: Spider error processing <GET https://web.archive.org/web/20091024033122/http://195.63.208.105/default/index.php> (referer: https://web.archive.org/)
Traceback (most recent call last):
  File "c:\python36\lib\site-packages\scrapy\utils\defer.py", line 102, in iter_errback
    yield next(it)
  File "c:\python36\lib\site-packages\scrapy\spidermiddlewares\offsite.py", line 30, in process_spider_output
    for x in result:
  File "c:\python36\lib\site-packages\scrapy\spidermiddlewares\referer.py", line 339, in <genexpr>
    return (_set_referer(r) for r in result or ())
  File "c:\python36\lib\site-packages\scrapy\spidermiddlewares\urllength.py", line 37, in <genexpr>
    return (r for r in result or () if _filter(r))
  File "c:\python36\lib\site-packages\scrapy\spidermiddlewares\depth.py", line 58, in <genexpr>
    return (r for r in result or () if _filter(r))
  File "C:\ARGUS-webarchive\ARGUS-webarchive\ARGUS\spiders\textspider.py", line 279, in processURLstack
    yield scrapy.Request(urlstack.pop(0).to_archive_url(), meta={"loader": loader, "urlstack": urlstack, "fingerprints": fingerprints, 'handle_httpstatus_all': True}, dont_filter=True, callback=self.parse_archive_subpage, errback=self.processURLstack)
IndexError: pop from empty list
2019-01-14 10:10:11 [scrapy.core.engine] INFO: Closing spider (finished)
2019-01-14 10:10:11 [scrapy.statscollectors] INFO: Dumping Scrapy stats:
{'downloader/request_bytes': 35047,
 'downloader/request_count': 112,
 'downloader/request_method_count/GET': 112,
 'downloader/response_bytes': 2145652,
 'downloader/response_count': 112,
 'downloader/response_status_count/200': 72,
 'downloader/response_status_count/302': 39,
 'downloader/response_status_count/403': 1,
 'finish_reason': 'finished',
 'finish_time': datetime.datetime(2019, 1, 14, 9, 10, 11, 241899),
 'item_scraped_count': 1,
 'log_count/ERROR': 14,
 'log_count/INFO': 7,
 'log_count/WARNING': 1,
 'request_depth_max': 9,
 'response_received_count': 88,
 'scheduler/dequeued': 112,
 'scheduler/dequeued/memory': 112,
 'scheduler/enqueued': 112,
 'scheduler/enqueued/memory': 112,
 'spider_exceptions/IndexError': 14,
 'start_time': datetime.datetime(2019, 1, 14, 9, 9, 56, 290404)}
2019-01-14 10:10:11 [scrapy.core.engine] INFO: Spider closed (finished)
