2019-01-14 09:50:09 [scrapy.utils.log] INFO: Scrapy 1.5.1 started (bot: ARGUS)
2019-01-14 09:50:09 [scrapy.utils.log] INFO: Versions: lxml 4.2.4.0, libxml2 2.9.5, cssselect 1.0.3, parsel 1.5.0, w3lib 1.19.0, Twisted 18.7.0, Python 3.6.4 (v3.6.4:d48eceb, Dec 19 2017, 06:54:40) [MSC v.1900 64 bit (AMD64)], pyOpenSSL 18.0.0 (OpenSSL 1.1.0i  14 Aug 2018), cryptography 2.3.1, Platform Windows-7-6.1.7601-SP1
2019-01-14 09:50:09 [scrapy.crawler] INFO: Overridden settings: {'AJAXCRAWL_ENABLED': True, 'BOT_NAME': 'ARGUS', 'COMPRESSION_ENABLED': False, 'CONCURRENT_ITEMS': 200, 'CONCURRENT_REQUESTS': 100, 'COOKIES_ENABLED': False, 'DOWNLOAD_MAXSIZE': 10000000, 'DOWNLOAD_TIMEOUT': 20, 'FEED_URI': 'file:///C:/ARGUS-webarchive/ARGUS-webarchive/items/ARGUS/textspider/6447b8ae17d911e9a55c00505680340c.jl', 'LOG_FILE': 'logs\\ARGUS\\textspider\\6447b8ae17d911e9a55c00505680340c.log', 'LOG_LEVEL': 'INFO', 'NEWSPIDER_MODULE': 'ARGUS.spiders', 'REACTOR_THREADPOOL_MAXSIZE': 30, 'RETRY_ENABLED': False, 'SPIDER_MODULES': ['ARGUS.spiders']}
2019-01-14 09:50:09 [py.warnings] WARNING: c:\python36\lib\site-packages\scrapy\utils\deprecate.py:156: ScrapyDeprecationWarning: `scrapy.contrib.feedexport.FeedExporter` class is deprecated, use `scrapy.extensions.feedexport.FeedExporter` instead
  ScrapyDeprecationWarning)

2019-01-14 09:50:09 [scrapy.middleware] INFO: Enabled extensions:
['scrapy.extensions.corestats.CoreStats',
 'scrapy.extensions.telnet.TelnetConsole',
 'scrapy.extensions.logstats.LogStats']
2019-01-14 09:50:09 [scrapy.middleware] INFO: Enabled downloader middlewares:
['scrapy.downloadermiddlewares.httpauth.HttpAuthMiddleware',
 'scrapy.downloadermiddlewares.downloadtimeout.DownloadTimeoutMiddleware',
 'scrapy.downloadermiddlewares.defaultheaders.DefaultHeadersMiddleware',
 'scrapy_fake_useragent.middleware.RandomUserAgentMiddleware',
 'scrapy.downloadermiddlewares.ajaxcrawl.AjaxCrawlMiddleware',
 'scrapy.downloadermiddlewares.redirect.MetaRefreshMiddleware',
 'scrapy.downloadermiddlewares.redirect.RedirectMiddleware',
 'scrapy.downloadermiddlewares.httpproxy.HttpProxyMiddleware',
 'scrapy.downloadermiddlewares.stats.DownloaderStats']
2019-01-14 09:50:09 [scrapy.middleware] INFO: Enabled spider middlewares:
['scrapy.spidermiddlewares.httperror.HttpErrorMiddleware',
 'scrapy.spidermiddlewares.offsite.OffsiteMiddleware',
 'scrapy.spidermiddlewares.referer.RefererMiddleware',
 'scrapy.spidermiddlewares.urllength.UrlLengthMiddleware',
 'scrapy.spidermiddlewares.depth.DepthMiddleware']
2019-01-14 09:50:09 [scrapy.middleware] INFO: Enabled item pipelines:
['ARGUS.pipelines.TextPipeline']
2019-01-14 09:50:09 [scrapy.core.engine] INFO: Spider opened
2019-01-14 09:50:09 [scrapy.extensions.logstats] INFO: Crawled 0 pages (at 0 pages/min), scraped 0 items (at 0 items/min)
2019-01-14 09:50:11 [scrapy.core.scraper] ERROR: Spider error processing <GET https://web.archive.org/web/> (referer: https://web.archive.org/web/20141216193115/http://adr-berlin.de/)
Traceback (most recent call last):
  File "c:\python36\lib\site-packages\scrapy\utils\defer.py", line 102, in iter_errback
    yield next(it)
  File "c:\python36\lib\site-packages\scrapy\spidermiddlewares\offsite.py", line 30, in process_spider_output
    for x in result:
  File "c:\python36\lib\site-packages\scrapy\spidermiddlewares\referer.py", line 339, in <genexpr>
    return (_set_referer(r) for r in result or ())
  File "c:\python36\lib\site-packages\scrapy\spidermiddlewares\urllength.py", line 37, in <genexpr>
    return (r for r in result or () if _filter(r))
  File "c:\python36\lib\site-packages\scrapy\spidermiddlewares\depth.py", line 58, in <genexpr>
    return (r for r in result or () if _filter(r))
  File "C:\ARGUS-webarchive\ARGUS-webarchive\ARGUS\spiders\textspider.py", line 279, in processURLstack
    ID = self.IDs[i]
NameError: name 'i' is not defined
2019-01-14 09:50:11 [scrapy.core.scraper] ERROR: Spider error processing <GET https://web.archive.org/web/> (referer: https://web.archive.org/web/20131013111951/http://www.3s-gmbh.de/)
Traceback (most recent call last):
  File "c:\python36\lib\site-packages\scrapy\utils\defer.py", line 102, in iter_errback
    yield next(it)
  File "c:\python36\lib\site-packages\scrapy\spidermiddlewares\offsite.py", line 30, in process_spider_output
    for x in result:
  File "c:\python36\lib\site-packages\scrapy\spidermiddlewares\referer.py", line 339, in <genexpr>
    return (_set_referer(r) for r in result or ())
  File "c:\python36\lib\site-packages\scrapy\spidermiddlewares\urllength.py", line 37, in <genexpr>
    return (r for r in result or () if _filter(r))
  File "c:\python36\lib\site-packages\scrapy\spidermiddlewares\depth.py", line 58, in <genexpr>
    return (r for r in result or () if _filter(r))
  File "C:\ARGUS-webarchive\ARGUS-webarchive\ARGUS\spiders\textspider.py", line 279, in processURLstack
    ID = self.IDs[i]
NameError: name 'i' is not defined
2019-01-14 09:50:11 [scrapy.core.scraper] ERROR: Spider error processing <GET https://web.archive.org/web/> (referer: https://web.archive.org/web/20141216190715/http://aamex.de/)
Traceback (most recent call last):
  File "c:\python36\lib\site-packages\scrapy\utils\defer.py", line 102, in iter_errback
    yield next(it)
  File "c:\python36\lib\site-packages\scrapy\spidermiddlewares\offsite.py", line 30, in process_spider_output
    for x in result:
  File "c:\python36\lib\site-packages\scrapy\spidermiddlewares\referer.py", line 339, in <genexpr>
    return (_set_referer(r) for r in result or ())
  File "c:\python36\lib\site-packages\scrapy\spidermiddlewares\urllength.py", line 37, in <genexpr>
    return (r for r in result or () if _filter(r))
  File "c:\python36\lib\site-packages\scrapy\spidermiddlewares\depth.py", line 58, in <genexpr>
    return (r for r in result or () if _filter(r))
  File "C:\ARGUS-webarchive\ARGUS-webarchive\ARGUS\spiders\textspider.py", line 279, in processURLstack
    ID = self.IDs[i]
NameError: name 'i' is not defined
2019-01-14 09:50:11 [scrapy.core.scraper] ERROR: Spider error processing <GET https://web.archive.org/web/> (referer: https://web.archive.org/web/20141216184825/http://aks-berlin.de/)
Traceback (most recent call last):
  File "c:\python36\lib\site-packages\scrapy\utils\defer.py", line 102, in iter_errback
    yield next(it)
  File "c:\python36\lib\site-packages\scrapy\spidermiddlewares\offsite.py", line 30, in process_spider_output
    for x in result:
  File "c:\python36\lib\site-packages\scrapy\spidermiddlewares\referer.py", line 339, in <genexpr>
    return (_set_referer(r) for r in result or ())
  File "c:\python36\lib\site-packages\scrapy\spidermiddlewares\urllength.py", line 37, in <genexpr>
    return (r for r in result or () if _filter(r))
  File "c:\python36\lib\site-packages\scrapy\spidermiddlewares\depth.py", line 58, in <genexpr>
    return (r for r in result or () if _filter(r))
  File "C:\ARGUS-webarchive\ARGUS-webarchive\ARGUS\spiders\textspider.py", line 279, in processURLstack
    ID = self.IDs[i]
NameError: name 'i' is not defined
2019-01-14 09:50:11 [scrapy.core.scraper] ERROR: Spider error processing <GET https://web.archive.org/web/> (referer: https://web.archive.org/web/20141216193520/http://allbau-berlin.de/)
Traceback (most recent call last):
  File "c:\python36\lib\site-packages\scrapy\utils\defer.py", line 102, in iter_errback
    yield next(it)
  File "c:\python36\lib\site-packages\scrapy\spidermiddlewares\offsite.py", line 30, in process_spider_output
    for x in result:
  File "c:\python36\lib\site-packages\scrapy\spidermiddlewares\referer.py", line 339, in <genexpr>
    return (_set_referer(r) for r in result or ())
  File "c:\python36\lib\site-packages\scrapy\spidermiddlewares\urllength.py", line 37, in <genexpr>
    return (r for r in result or () if _filter(r))
  File "c:\python36\lib\site-packages\scrapy\spidermiddlewares\depth.py", line 58, in <genexpr>
    return (r for r in result or () if _filter(r))
  File "C:\ARGUS-webarchive\ARGUS-webarchive\ARGUS\spiders\textspider.py", line 279, in processURLstack
    ID = self.IDs[i]
NameError: name 'i' is not defined
2019-01-14 09:50:11 [scrapy.core.scraper] ERROR: Spider error processing <GET https://web.archive.org/web/> (referer: https://web.archive.org/web/20141218235034/http://www.abe-minuth.de/)
Traceback (most recent call last):
  File "c:\python36\lib\site-packages\scrapy\utils\defer.py", line 102, in iter_errback
    yield next(it)
  File "c:\python36\lib\site-packages\scrapy\spidermiddlewares\offsite.py", line 30, in process_spider_output
    for x in result:
  File "c:\python36\lib\site-packages\scrapy\spidermiddlewares\referer.py", line 339, in <genexpr>
    return (_set_referer(r) for r in result or ())
  File "c:\python36\lib\site-packages\scrapy\spidermiddlewares\urllength.py", line 37, in <genexpr>
    return (r for r in result or () if _filter(r))
  File "c:\python36\lib\site-packages\scrapy\spidermiddlewares\depth.py", line 58, in <genexpr>
    return (r for r in result or () if _filter(r))
  File "C:\ARGUS-webarchive\ARGUS-webarchive\ARGUS\spiders\textspider.py", line 279, in processURLstack
    ID = self.IDs[i]
NameError: name 'i' is not defined
2019-01-14 09:50:12 [scrapy.core.scraper] ERROR: Spider error processing <GET https://web.archive.org/web/> (referer: https://web.archive.org/web/20141218230813/http://www.alre.de/)
Traceback (most recent call last):
  File "c:\python36\lib\site-packages\scrapy\utils\defer.py", line 102, in iter_errback
    yield next(it)
  File "c:\python36\lib\site-packages\scrapy\spidermiddlewares\offsite.py", line 30, in process_spider_output
    for x in result:
  File "c:\python36\lib\site-packages\scrapy\spidermiddlewares\referer.py", line 339, in <genexpr>
    return (_set_referer(r) for r in result or ())
  File "c:\python36\lib\site-packages\scrapy\spidermiddlewares\urllength.py", line 37, in <genexpr>
    return (r for r in result or () if _filter(r))
  File "c:\python36\lib\site-packages\scrapy\spidermiddlewares\depth.py", line 58, in <genexpr>
    return (r for r in result or () if _filter(r))
  File "C:\ARGUS-webarchive\ARGUS-webarchive\ARGUS\spiders\textspider.py", line 279, in processURLstack
    ID = self.IDs[i]
NameError: name 'i' is not defined
2019-01-14 09:50:12 [scrapy.core.scraper] ERROR: Spider error processing <GET http://web.archive.org/> (referer: None)
Traceback (most recent call last):
  File "c:\python36\lib\site-packages\scrapy\utils\defer.py", line 102, in iter_errback
    yield next(it)
  File "c:\python36\lib\site-packages\scrapy\spidermiddlewares\offsite.py", line 30, in process_spider_output
    for x in result:
  File "c:\python36\lib\site-packages\scrapy\spidermiddlewares\referer.py", line 339, in <genexpr>
    return (_set_referer(r) for r in result or ())
  File "c:\python36\lib\site-packages\scrapy\spidermiddlewares\urllength.py", line 37, in <genexpr>
    return (r for r in result or () if _filter(r))
  File "c:\python36\lib\site-packages\scrapy\spidermiddlewares\depth.py", line 58, in <genexpr>
    return (r for r in result or () if _filter(r))
  File "C:\ARGUS-webarchive\ARGUS-webarchive\ARGUS\spiders\textspider.py", line 279, in processURLstack
    ID = self.IDs[i]
NameError: name 'i' is not defined
2019-01-14 09:50:12 [scrapy.core.scraper] ERROR: Spider error processing <GET http://web.archive.org/> (referer: None)
Traceback (most recent call last):
  File "c:\python36\lib\site-packages\scrapy\utils\defer.py", line 102, in iter_errback
    yield next(it)
  File "c:\python36\lib\site-packages\scrapy\spidermiddlewares\offsite.py", line 30, in process_spider_output
    for x in result:
  File "c:\python36\lib\site-packages\scrapy\spidermiddlewares\referer.py", line 339, in <genexpr>
    return (_set_referer(r) for r in result or ())
  File "c:\python36\lib\site-packages\scrapy\spidermiddlewares\urllength.py", line 37, in <genexpr>
    return (r for r in result or () if _filter(r))
  File "c:\python36\lib\site-packages\scrapy\spidermiddlewares\depth.py", line 58, in <genexpr>
    return (r for r in result or () if _filter(r))
  File "C:\ARGUS-webarchive\ARGUS-webarchive\ARGUS\spiders\textspider.py", line 279, in processURLstack
    ID = self.IDs[i]
NameError: name 'i' is not defined
2019-01-14 09:50:12 [scrapy.core.scraper] ERROR: Spider error processing <GET http://web.archive.org/> (referer: None)
Traceback (most recent call last):
  File "c:\python36\lib\site-packages\scrapy\utils\defer.py", line 102, in iter_errback
    yield next(it)
  File "c:\python36\lib\site-packages\scrapy\spidermiddlewares\offsite.py", line 30, in process_spider_output
    for x in result:
  File "c:\python36\lib\site-packages\scrapy\spidermiddlewares\referer.py", line 339, in <genexpr>
    return (_set_referer(r) for r in result or ())
  File "c:\python36\lib\site-packages\scrapy\spidermiddlewares\urllength.py", line 37, in <genexpr>
    return (r for r in result or () if _filter(r))
  File "c:\python36\lib\site-packages\scrapy\spidermiddlewares\depth.py", line 58, in <genexpr>
    return (r for r in result or () if _filter(r))
  File "C:\ARGUS-webarchive\ARGUS-webarchive\ARGUS\spiders\textspider.py", line 279, in processURLstack
    ID = self.IDs[i]
NameError: name 'i' is not defined
2019-01-14 09:50:12 [scrapy.core.scraper] ERROR: Spider error processing <GET https://web.archive.org/web/20141216190811/http://ambeg.de/de/> (referer: https://web.archive.org/web/20141216190811/http://ambeg.de/)
Traceback (most recent call last):
  File "c:\python36\lib\site-packages\scrapy\utils\defer.py", line 102, in iter_errback
    yield next(it)
  File "c:\python36\lib\site-packages\scrapy\spidermiddlewares\offsite.py", line 30, in process_spider_output
    for x in result:
  File "c:\python36\lib\site-packages\scrapy\spidermiddlewares\referer.py", line 339, in <genexpr>
    return (_set_referer(r) for r in result or ())
  File "c:\python36\lib\site-packages\scrapy\spidermiddlewares\urllength.py", line 37, in <genexpr>
    return (r for r in result or () if _filter(r))
  File "c:\python36\lib\site-packages\scrapy\spidermiddlewares\depth.py", line 58, in <genexpr>
    return (r for r in result or () if _filter(r))
  File "C:\ARGUS-webarchive\ARGUS-webarchive\ARGUS\spiders\textspider.py", line 279, in processURLstack
    ID = self.IDs[i]
NameError: name 'i' is not defined
2019-01-14 09:50:12 [scrapy.core.scraper] ERROR: Spider error processing <GET http://web.archive.org/> (referer: None)
Traceback (most recent call last):
  File "c:\python36\lib\site-packages\scrapy\utils\defer.py", line 102, in iter_errback
    yield next(it)
  File "c:\python36\lib\site-packages\scrapy\spidermiddlewares\offsite.py", line 30, in process_spider_output
    for x in result:
  File "c:\python36\lib\site-packages\scrapy\spidermiddlewares\referer.py", line 339, in <genexpr>
    return (_set_referer(r) for r in result or ())
  File "c:\python36\lib\site-packages\scrapy\spidermiddlewares\urllength.py", line 37, in <genexpr>
    return (r for r in result or () if _filter(r))
  File "c:\python36\lib\site-packages\scrapy\spidermiddlewares\depth.py", line 58, in <genexpr>
    return (r for r in result or () if _filter(r))
  File "C:\ARGUS-webarchive\ARGUS-webarchive\ARGUS\spiders\textspider.py", line 279, in processURLstack
    ID = self.IDs[i]
NameError: name 'i' is not defined
2019-01-14 09:50:12 [scrapy.core.scraper] ERROR: Spider error processing <GET http://web.archive.org/> (referer: None)
Traceback (most recent call last):
  File "c:\python36\lib\site-packages\scrapy\utils\defer.py", line 102, in iter_errback
    yield next(it)
  File "c:\python36\lib\site-packages\scrapy\spidermiddlewares\offsite.py", line 30, in process_spider_output
    for x in result:
  File "c:\python36\lib\site-packages\scrapy\spidermiddlewares\referer.py", line 339, in <genexpr>
    return (_set_referer(r) for r in result or ())
  File "c:\python36\lib\site-packages\scrapy\spidermiddlewares\urllength.py", line 37, in <genexpr>
    return (r for r in result or () if _filter(r))
  File "c:\python36\lib\site-packages\scrapy\spidermiddlewares\depth.py", line 58, in <genexpr>
    return (r for r in result or () if _filter(r))
  File "C:\ARGUS-webarchive\ARGUS-webarchive\ARGUS\spiders\textspider.py", line 279, in processURLstack
    ID = self.IDs[i]
NameError: name 'i' is not defined
2019-01-14 09:50:12 [scrapy.core.scraper] ERROR: Spider error processing <GET http://web.archive.org/> (referer: None)
Traceback (most recent call last):
  File "c:\python36\lib\site-packages\scrapy\utils\defer.py", line 102, in iter_errback
    yield next(it)
  File "c:\python36\lib\site-packages\scrapy\spidermiddlewares\offsite.py", line 30, in process_spider_output
    for x in result:
  File "c:\python36\lib\site-packages\scrapy\spidermiddlewares\referer.py", line 339, in <genexpr>
    return (_set_referer(r) for r in result or ())
  File "c:\python36\lib\site-packages\scrapy\spidermiddlewares\urllength.py", line 37, in <genexpr>
    return (r for r in result or () if _filter(r))
  File "c:\python36\lib\site-packages\scrapy\spidermiddlewares\depth.py", line 58, in <genexpr>
    return (r for r in result or () if _filter(r))
  File "C:\ARGUS-webarchive\ARGUS-webarchive\ARGUS\spiders\textspider.py", line 279, in processURLstack
    ID = self.IDs[i]
NameError: name 'i' is not defined
2019-01-14 09:50:12 [scrapy.core.scraper] ERROR: Spider error processing <GET http://web.archive.org/> (referer: None)
Traceback (most recent call last):
  File "c:\python36\lib\site-packages\scrapy\utils\defer.py", line 102, in iter_errback
    yield next(it)
  File "c:\python36\lib\site-packages\scrapy\spidermiddlewares\offsite.py", line 30, in process_spider_output
    for x in result:
  File "c:\python36\lib\site-packages\scrapy\spidermiddlewares\referer.py", line 339, in <genexpr>
    return (_set_referer(r) for r in result or ())
  File "c:\python36\lib\site-packages\scrapy\spidermiddlewares\urllength.py", line 37, in <genexpr>
    return (r for r in result or () if _filter(r))
  File "c:\python36\lib\site-packages\scrapy\spidermiddlewares\depth.py", line 58, in <genexpr>
    return (r for r in result or () if _filter(r))
  File "C:\ARGUS-webarchive\ARGUS-webarchive\ARGUS\spiders\textspider.py", line 279, in processURLstack
    ID = self.IDs[i]
NameError: name 'i' is not defined
2019-01-14 09:50:12 [scrapy.core.engine] INFO: Closing spider (finished)
2019-01-14 09:50:12 [scrapy.statscollectors] INFO: Dumping Scrapy stats:
{'downloader/request_bytes': 13179,
 'downloader/request_count': 45,
 'downloader/request_method_count/GET': 45,
 'downloader/response_bytes': 744757,
 'downloader/response_count': 45,
 'downloader/response_status_count/200': 22,
 'downloader/response_status_count/302': 23,
 'finish_reason': 'finished',
 'finish_time': datetime.datetime(2019, 1, 14, 8, 50, 12, 615048),
 'log_count/ERROR': 15,
 'log_count/INFO': 7,
 'log_count/WARNING': 1,
 'request_depth_max': 1,
 'response_received_count': 30,
 'scheduler/dequeued': 45,
 'scheduler/dequeued/memory': 45,
 'scheduler/enqueued': 45,
 'scheduler/enqueued/memory': 45,
 'spider_exceptions/NameError': 15,
 'start_time': datetime.datetime(2019, 1, 14, 8, 50, 9, 881775)}
2019-01-14 09:50:12 [scrapy.core.engine] INFO: Spider closed (finished)
