2019-05-03 09:17:45 [scrapy.utils.log] INFO: Scrapy 1.5.1 started (bot: ARGUS)
2019-05-03 09:17:45 [scrapy.utils.log] INFO: Versions: lxml 4.2.4.0, libxml2 2.9.5, cssselect 1.0.3, parsel 1.5.0, w3lib 1.19.0, Twisted 18.7.0, Python 3.6.4 (v3.6.4:d48eceb, Dec 19 2017, 06:54:40) [MSC v.1900 64 bit (AMD64)], pyOpenSSL 18.0.0 (OpenSSL 1.1.0i  14 Aug 2018), cryptography 2.3.1, Platform Windows-7-6.1.7601-SP1
2019-05-03 09:17:45 [scrapy.crawler] INFO: Overridden settings: {'AJAXCRAWL_ENABLED': True, 'BOT_NAME': 'ARGUS', 'COMPRESSION_ENABLED': False, 'CONCURRENT_ITEMS': 200, 'CONCURRENT_REQUESTS': 100, 'COOKIES_ENABLED': False, 'DOWNLOAD_MAXSIZE': 10000000, 'DOWNLOAD_TIMEOUT': 20, 'FEED_URI': 'file:///C:/ARGUS-webarchive/ARGUS-webarchive/items/ARGUS/textspider/8aa7676e6d7311e99d3200505680340c.jl', 'LOG_FILE': 'logs\\ARGUS\\textspider\\8aa7676e6d7311e99d3200505680340c.log', 'LOG_LEVEL': 'INFO', 'NEWSPIDER_MODULE': 'ARGUS.spiders', 'REACTOR_THREADPOOL_MAXSIZE': 30, 'REDIRECT_MAX_TIMES': 2, 'RETRY_ENABLED': False, 'SPIDER_MODULES': ['ARGUS.spiders']}
2019-05-03 09:17:45 [py.warnings] WARNING: c:\python36\lib\site-packages\scrapy\utils\deprecate.py:156: ScrapyDeprecationWarning: `scrapy.contrib.feedexport.FeedExporter` class is deprecated, use `scrapy.extensions.feedexport.FeedExporter` instead
  ScrapyDeprecationWarning)

2019-05-03 09:17:45 [scrapy.middleware] INFO: Enabled extensions:
['scrapy.extensions.corestats.CoreStats',
 'scrapy.extensions.telnet.TelnetConsole',
 'scrapy.extensions.logstats.LogStats']
2019-05-03 09:17:45 [scrapy.middleware] INFO: Enabled downloader middlewares:
['scrapy.downloadermiddlewares.httpauth.HttpAuthMiddleware',
 'scrapy.downloadermiddlewares.downloadtimeout.DownloadTimeoutMiddleware',
 'scrapy.downloadermiddlewares.defaultheaders.DefaultHeadersMiddleware',
 'scrapy_fake_useragent.middleware.RandomUserAgentMiddleware',
 'scrapy.downloadermiddlewares.redirect.RedirectMiddleware',
 'scrapy.downloadermiddlewares.ajaxcrawl.AjaxCrawlMiddleware',
 'scrapy.downloadermiddlewares.redirect.MetaRefreshMiddleware',
 'scrapy.downloadermiddlewares.httpproxy.HttpProxyMiddleware',
 'scrapy.downloadermiddlewares.stats.DownloaderStats']
2019-05-03 09:17:45 [scrapy.middleware] INFO: Enabled spider middlewares:
['scrapy.spidermiddlewares.httperror.HttpErrorMiddleware',
 'scrapy.spidermiddlewares.offsite.OffsiteMiddleware',
 'scrapy.spidermiddlewares.referer.RefererMiddleware',
 'scrapy.spidermiddlewares.urllength.UrlLengthMiddleware',
 'scrapy.spidermiddlewares.depth.DepthMiddleware']
2019-05-03 09:17:45 [scrapy.middleware] INFO: Enabled item pipelines:
['ARGUS.pipelines.TextPipeline']
2019-05-03 09:17:45 [scrapy.core.engine] INFO: Spider opened
2019-05-03 09:17:45 [scrapy.extensions.logstats] INFO: Crawled 0 pages (at 0 pages/min), scraped 0 items (at 0 items/min)
2019-05-03 09:17:46 [scrapy.core.scraper] ERROR: Spider error processing <GET https://www.uni-heidelberg.de/> (referer: None)
Traceback (most recent call last):
  File "c:\python36\lib\site-packages\twisted\internet\defer.py", line 654, in _runCallbacks
    current.result = callback(current.result, *args, **kw)
  File "C:\ARGUS-webarchive\ARGUS-webarchive\ARGUS\spiders\textspider.py", line 225, in parse
    loader.add_value("title", [title])
  File "c:\python36\lib\site-packages\scrapy\loader\__init__.py", line 77, in add_value
    self._add_value(field_name, value)
  File "c:\python36\lib\site-packages\scrapy\loader\__init__.py", line 91, in _add_value
    processed_value = self._process_input_value(field_name, value)
  File "c:\python36\lib\site-packages\scrapy\loader\__init__.py", line 148, in _process_input_value
    proc = self.get_input_processor(field_name)
  File "c:\python36\lib\site-packages\scrapy\loader\__init__.py", line 137, in get_input_processor
    self.default_input_processor)
  File "c:\python36\lib\site-packages\scrapy\loader\__init__.py", line 154, in _get_item_field_attr
    value = self.item.fields[field_name].get(key, default)
KeyError: 'title'
2019-05-03 09:17:47 [scrapy.core.scraper] ERROR: Spider error processing <GET https://www.zew.de/> (referer: None)
Traceback (most recent call last):
  File "c:\python36\lib\site-packages\twisted\internet\defer.py", line 654, in _runCallbacks
    current.result = callback(current.result, *args, **kw)
  File "C:\ARGUS-webarchive\ARGUS-webarchive\ARGUS\spiders\textspider.py", line 225, in parse
    loader.add_value("title", [title])
  File "c:\python36\lib\site-packages\scrapy\loader\__init__.py", line 77, in add_value
    self._add_value(field_name, value)
  File "c:\python36\lib\site-packages\scrapy\loader\__init__.py", line 91, in _add_value
    processed_value = self._process_input_value(field_name, value)
  File "c:\python36\lib\site-packages\scrapy\loader\__init__.py", line 148, in _process_input_value
    proc = self.get_input_processor(field_name)
  File "c:\python36\lib\site-packages\scrapy\loader\__init__.py", line 137, in get_input_processor
    self.default_input_processor)
  File "c:\python36\lib\site-packages\scrapy\loader\__init__.py", line 154, in _get_item_field_attr
    value = self.item.fields[field_name].get(key, default)
KeyError: 'title'
2019-05-03 09:17:47 [scrapy.core.engine] INFO: Closing spider (finished)
2019-05-03 09:17:47 [scrapy.statscollectors] INFO: Dumping Scrapy stats:
{'downloader/request_bytes': 1430,
 'downloader/request_count': 6,
 'downloader/request_method_count/GET': 6,
 'downloader/response_bytes': 104985,
 'downloader/response_count': 6,
 'downloader/response_status_count/200': 2,
 'downloader/response_status_count/301': 2,
 'downloader/response_status_count/302': 2,
 'finish_reason': 'finished',
 'finish_time': datetime.datetime(2019, 5, 3, 7, 17, 47, 362892),
 'log_count/ERROR': 2,
 'log_count/INFO': 7,
 'log_count/WARNING': 1,
 'response_received_count': 2,
 'scheduler/dequeued': 6,
 'scheduler/dequeued/memory': 6,
 'scheduler/enqueued': 6,
 'scheduler/enqueued/memory': 6,
 'spider_exceptions/KeyError': 2,
 'start_time': datetime.datetime(2019, 5, 3, 7, 17, 45, 912747)}
2019-05-03 09:17:47 [scrapy.core.engine] INFO: Spider closed (finished)
