2019-03-18 11:42:40 [scrapy.utils.log] INFO: Scrapy 1.5.1 started (bot: ARGUS)
2019-03-18 11:42:40 [scrapy.utils.log] INFO: Versions: lxml 4.2.4.0, libxml2 2.9.5, cssselect 1.0.3, parsel 1.5.0, w3lib 1.19.0, Twisted 18.7.0, Python 3.6.4 (v3.6.4:d48eceb, Dec 19 2017, 06:54:40) [MSC v.1900 64 bit (AMD64)], pyOpenSSL 18.0.0 (OpenSSL 1.1.0i  14 Aug 2018), cryptography 2.3.1, Platform Windows-7-6.1.7601-SP1
2019-03-18 11:42:40 [scrapy.crawler] INFO: Overridden settings: {'AJAXCRAWL_ENABLED': True, 'BOT_NAME': 'ARGUS', 'COMPRESSION_ENABLED': False, 'CONCURRENT_ITEMS': 200, 'CONCURRENT_REQUESTS': 100, 'COOKIES_ENABLED': False, 'DOWNLOAD_MAXSIZE': 10000000, 'DOWNLOAD_TIMEOUT': 20, 'FEED_URI': 'file:///C:/ARGUS-webarchive/ARGUS-webarchive/items/ARGUS/textspider/8bc3dd6e496a11e98ed100505680340c.jl', 'LOG_FILE': 'logs\\ARGUS\\textspider\\8bc3dd6e496a11e98ed100505680340c.log', 'LOG_LEVEL': 'INFO', 'NEWSPIDER_MODULE': 'ARGUS.spiders', 'REACTOR_THREADPOOL_MAXSIZE': 30, 'REDIRECT_MAX_TIMES': 2, 'RETRY_ENABLED': False, 'SPIDER_MODULES': ['ARGUS.spiders']}
2019-03-18 11:42:40 [py.warnings] WARNING: c:\python36\lib\site-packages\scrapy\utils\deprecate.py:156: ScrapyDeprecationWarning: `scrapy.contrib.feedexport.FeedExporter` class is deprecated, use `scrapy.extensions.feedexport.FeedExporter` instead
  ScrapyDeprecationWarning)

2019-03-18 11:42:40 [scrapy.middleware] INFO: Enabled extensions:
['scrapy.extensions.corestats.CoreStats',
 'scrapy.extensions.telnet.TelnetConsole',
 'scrapy.extensions.logstats.LogStats']
2019-03-18 11:42:40 [twisted] CRITICAL: Unhandled error in Deferred:
2019-03-18 11:42:40 [twisted] CRITICAL: 
Traceback (most recent call last):
  File "c:\python36\lib\site-packages\twisted\internet\defer.py", line 1418, in _inlineCallbacks
    result = g.send(result)
  File "c:\python36\lib\site-packages\scrapy\crawler.py", line 79, in crawl
    self.spider = self._create_spider(*args, **kwargs)
  File "c:\python36\lib\site-packages\scrapy\crawler.py", line 102, in _create_spider
    return self.spidercls.from_crawler(self, *args, **kwargs)
  File "c:\python36\lib\site-packages\scrapy\spiders\__init__.py", line 51, in from_crawler
    spider = cls(*args, **kwargs)
  File "C:\ARGUS-webarchive\ARGUS-webarchive\ARGUS\spiders\textspider.py", line 29, in __init__
    data = pd.read_csv(url_chunk, delimiter="\t", encoding="utf-8", newline="", error_bad_lines=False, engine="python")
TypeError: parser_f() got an unexpected keyword argument 'newline'
