2019-03-27 08:42:28 [scrapy.utils.log] INFO: Scrapy 1.5.1 started (bot: ARGUS)
2019-03-27 08:42:28 [scrapy.utils.log] INFO: Versions: lxml 4.2.4.0, libxml2 2.9.5, cssselect 1.0.3, parsel 1.5.0, w3lib 1.19.0, Twisted 18.7.0, Python 3.6.4 (v3.6.4:d48eceb, Dec 19 2017, 06:54:40) [MSC v.1900 64 bit (AMD64)], pyOpenSSL 18.0.0 (OpenSSL 1.1.0i  14 Aug 2018), cryptography 2.3.1, Platform Windows-7-6.1.7601-SP1
2019-03-27 08:42:28 [scrapy.crawler] INFO: Overridden settings: {'AJAXCRAWL_ENABLED': True, 'BOT_NAME': 'ARGUS', 'COMPRESSION_ENABLED': False, 'CONCURRENT_ITEMS': 200, 'CONCURRENT_REQUESTS': 100, 'COOKIES_ENABLED': False, 'DOWNLOAD_MAXSIZE': 10000000, 'DOWNLOAD_TIMEOUT': 20, 'FEED_URI': 'file:///C:/ARGUS-webarchive/ARGUS-webarchive/items/ARGUS/textspider/dcbab488506311e9a75700505680340c.jl', 'LOG_FILE': 'logs\\ARGUS\\textspider\\dcbab488506311e9a75700505680340c.log', 'LOG_LEVEL': 'INFO', 'NEWSPIDER_MODULE': 'ARGUS.spiders', 'REACTOR_THREADPOOL_MAXSIZE': 30, 'REDIRECT_MAX_TIMES': 2, 'RETRY_ENABLED': False, 'SPIDER_MODULES': ['ARGUS.spiders']}
2019-03-27 08:42:28 [py.warnings] WARNING: c:\python36\lib\site-packages\scrapy\utils\deprecate.py:156: ScrapyDeprecationWarning: `scrapy.contrib.feedexport.FeedExporter` class is deprecated, use `scrapy.extensions.feedexport.FeedExporter` instead
  ScrapyDeprecationWarning)

2019-03-27 08:42:28 [scrapy.middleware] INFO: Enabled extensions:
['scrapy.extensions.corestats.CoreStats',
 'scrapy.extensions.telnet.TelnetConsole',
 'scrapy.extensions.logstats.LogStats']
2019-03-27 08:42:28 [scrapy.middleware] INFO: Enabled downloader middlewares:
['scrapy.downloadermiddlewares.httpauth.HttpAuthMiddleware',
 'scrapy.downloadermiddlewares.downloadtimeout.DownloadTimeoutMiddleware',
 'scrapy.downloadermiddlewares.defaultheaders.DefaultHeadersMiddleware',
 'scrapy_fake_useragent.middleware.RandomUserAgentMiddleware',
 'scrapy.downloadermiddlewares.redirect.RedirectMiddleware',
 'scrapy.downloadermiddlewares.ajaxcrawl.AjaxCrawlMiddleware',
 'scrapy.downloadermiddlewares.redirect.MetaRefreshMiddleware',
 'scrapy.downloadermiddlewares.httpproxy.HttpProxyMiddleware',
 'scrapy.downloadermiddlewares.stats.DownloaderStats']
2019-03-27 08:42:28 [scrapy.middleware] INFO: Enabled spider middlewares:
['scrapy.spidermiddlewares.httperror.HttpErrorMiddleware',
 'scrapy.spidermiddlewares.offsite.OffsiteMiddleware',
 'scrapy.spidermiddlewares.referer.RefererMiddleware',
 'scrapy.spidermiddlewares.urllength.UrlLengthMiddleware',
 'scrapy.spidermiddlewares.depth.DepthMiddleware']
2019-03-27 08:42:28 [scrapy.middleware] INFO: Enabled item pipelines:
['ARGUS.pipelines.TextPipeline']
2019-03-27 08:42:28 [scrapy.core.engine] INFO: Spider opened
2019-03-27 08:42:28 [scrapy.extensions.logstats] INFO: Crawled 0 pages (at 0 pages/min), scraped 0 items (at 0 items/min)
2019-03-27 08:42:28 [scrapy.core.scraper] ERROR: Error processing {'ID': [2010000590],
 'dl_slot': ['dertouristik.comde'],
 'error': ['DNS'],
 'redirect': [None],
 'scraped_text': [''],
 'scraped_urls': [''],
 'start_page': ['']}
Traceback (most recent call last):
  File "c:\python36\lib\site-packages\twisted\internet\defer.py", line 654, in _runCallbacks
    current.result = callback(current.result, *args, **kw)
  File "C:\ARGUS-webarchive\ARGUS-webarchive\ARGUS\pipelines.py", line 36, in process_item
    header_text = item["header"]
  File "c:\python36\lib\site-packages\scrapy\item.py", line 59, in __getitem__
    return self._values[key]
KeyError: 'header'
2019-03-27 08:42:28 [scrapy.core.scraper] ERROR: Error processing {'ID': [8350354683],
 'dl_slot': ['facebook.comindislounge'],
 'error': ['DNS'],
 'redirect': [None],
 'scraped_text': [''],
 'scraped_urls': [''],
 'start_page': ['']}
Traceback (most recent call last):
  File "c:\python36\lib\site-packages\twisted\internet\defer.py", line 654, in _runCallbacks
    current.result = callback(current.result, *args, **kw)
  File "C:\ARGUS-webarchive\ARGUS-webarchive\ARGUS\pipelines.py", line 36, in process_item
    header_text = item["header"]
  File "c:\python36\lib\site-packages\scrapy\item.py", line 59, in __getitem__
    return self._values[key]
KeyError: 'header'
2019-03-27 08:42:29 [scrapy.core.scraper] ERROR: Error processing {'ID': [2010000560],
 'dl_slot': ['getraenke-hoffmann.de'],
 'error': [400],
 'redirect': [None],
 'scraped_text': [''],
 'scraped_urls': [''],
 'start_page': ['']}
Traceback (most recent call last):
  File "c:\python36\lib\site-packages\twisted\internet\defer.py", line 654, in _runCallbacks
    current.result = callback(current.result, *args, **kw)
  File "C:\ARGUS-webarchive\ARGUS-webarchive\ARGUS\pipelines.py", line 36, in process_item
    header_text = item["header"]
  File "c:\python36\lib\site-packages\scrapy\item.py", line 59, in __getitem__
    return self._values[key]
KeyError: 'header'
2019-03-27 08:42:30 [scrapy.core.scraper] ERROR: Error processing {'ID': [2010000074],
 'dl_slot': ['psi.de'],
 'error': ['other'],
 'redirect': [None],
 'scraped_text': [''],
 'scraped_urls': [''],
 'start_page': ['']}
Traceback (most recent call last):
  File "c:\python36\lib\site-packages\twisted\internet\defer.py", line 654, in _runCallbacks
    current.result = callback(current.result, *args, **kw)
  File "C:\ARGUS-webarchive\ARGUS-webarchive\ARGUS\pipelines.py", line 36, in process_item
    header_text = item["header"]
  File "c:\python36\lib\site-packages\scrapy\item.py", line 59, in __getitem__
    return self._values[key]
KeyError: 'header'
2019-03-27 08:42:30 [scrapy.core.scraper] ERROR: Error processing {'ID': [2010000581],
 'dl_slot': ['siemens.de'],
 'error': ['other'],
 'redirect': [None],
 'scraped_text': [''],
 'scraped_urls': [''],
 'start_page': ['']}
Traceback (most recent call last):
  File "c:\python36\lib\site-packages\twisted\internet\defer.py", line 654, in _runCallbacks
    current.result = callback(current.result, *args, **kw)
  File "C:\ARGUS-webarchive\ARGUS-webarchive\ARGUS\pipelines.py", line 36, in process_item
    header_text = item["header"]
  File "c:\python36\lib\site-packages\scrapy\item.py", line 59, in __getitem__
    return self._values[key]
KeyError: 'header'
2019-03-27 08:42:30 [scrapy.core.scraper] ERROR: Error processing {'ID': [2010000805],
 'dl_slot': ['degewo.de'],
 'error': ['other'],
 'redirect': [None],
 'scraped_text': [''],
 'scraped_urls': [''],
 'start_page': ['']}
Traceback (most recent call last):
  File "c:\python36\lib\site-packages\twisted\internet\defer.py", line 654, in _runCallbacks
    current.result = callback(current.result, *args, **kw)
  File "C:\ARGUS-webarchive\ARGUS-webarchive\ARGUS\pipelines.py", line 36, in process_item
    header_text = item["header"]
  File "c:\python36\lib\site-packages\scrapy\item.py", line 59, in __getitem__
    return self._values[key]
KeyError: 'header'
2019-03-27 08:42:30 [scrapy.core.scraper] ERROR: Error processing {'ID': [2010000257],
 'dl_slot': ['mannpharma.de'],
 'error': ['other'],
 'redirect': [None],
 'scraped_text': [''],
 'scraped_urls': [''],
 'start_page': ['']}
Traceback (most recent call last):
  File "c:\python36\lib\site-packages\twisted\internet\defer.py", line 654, in _runCallbacks
    current.result = callback(current.result, *args, **kw)
  File "C:\ARGUS-webarchive\ARGUS-webarchive\ARGUS\pipelines.py", line 36, in process_item
    header_text = item["header"]
  File "c:\python36\lib\site-packages\scrapy\item.py", line 59, in __getitem__
    return self._values[key]
KeyError: 'header'
2019-03-27 08:42:31 [scrapy.core.scraper] ERROR: Error processing {'ID': [2010000684],
 'dl_slot': ['butter-lindner.de'],
 'error': ['other'],
 'redirect': [None],
 'scraped_text': [''],
 'scraped_urls': [''],
 'start_page': ['']}
Traceback (most recent call last):
  File "c:\python36\lib\site-packages\twisted\internet\defer.py", line 654, in _runCallbacks
    current.result = callback(current.result, *args, **kw)
  File "C:\ARGUS-webarchive\ARGUS-webarchive\ARGUS\pipelines.py", line 36, in process_item
    header_text = item["header"]
  File "c:\python36\lib\site-packages\scrapy\item.py", line 59, in __getitem__
    return self._values[key]
KeyError: 'header'
2019-03-27 08:42:31 [scrapy.core.scraper] ERROR: Error processing {'ID': [2010000564],
 'dl_slot': ['otis.com'],
 'error': ['other'],
 'redirect': [None],
 'scraped_text': [''],
 'scraped_urls': [''],
 'start_page': ['']}
Traceback (most recent call last):
  File "c:\python36\lib\site-packages\twisted\internet\defer.py", line 654, in _runCallbacks
    current.result = callback(current.result, *args, **kw)
  File "C:\ARGUS-webarchive\ARGUS-webarchive\ARGUS\pipelines.py", line 36, in process_item
    header_text = item["header"]
  File "c:\python36\lib\site-packages\scrapy\item.py", line 59, in __getitem__
    return self._values[key]
KeyError: 'header'
2019-03-27 08:42:35 [scrapy.core.engine] INFO: Closing spider (finished)
2019-03-27 08:42:35 [scrapy.statscollectors] INFO: Dumping Scrapy stats:
{'downloader/exception_count': 2,
 'downloader/exception_type_count/twisted.internet.error.DNSLookupError': 2,
 'downloader/request_bytes': 78894,
 'downloader/request_count': 264,
 'downloader/request_method_count/GET': 264,
 'downloader/response_bytes': 10829838,
 'downloader/response_count': 262,
 'downloader/response_status_count/200': 189,
 'downloader/response_status_count/301': 58,
 'downloader/response_status_count/302': 7,
 'downloader/response_status_count/303': 1,
 'downloader/response_status_count/307': 5,
 'downloader/response_status_count/400': 1,
 'downloader/response_status_count/404': 1,
 'finish_reason': 'finished',
 'finish_time': datetime.datetime(2019, 3, 27, 7, 42, 35, 942986),
 'item_scraped_count': 40,
 'log_count/ERROR': 9,
 'log_count/INFO': 7,
 'log_count/WARNING': 1,
 'request_depth_max': 9,
 'response_received_count': 212,
 'scheduler/dequeued': 264,
 'scheduler/dequeued/memory': 264,
 'scheduler/enqueued': 264,
 'scheduler/enqueued/memory': 264,
 'start_time': datetime.datetime(2019, 3, 27, 7, 42, 28, 411233)}
2019-03-27 08:42:35 [scrapy.core.engine] INFO: Spider closed (finished)
