2019-05-13 10:56:52 [scrapy.utils.log] INFO: Scrapy 1.5.1 started (bot: ARGUS)
2019-05-13 10:56:52 [scrapy.utils.log] INFO: Versions: lxml 4.2.4.0, libxml2 2.9.5, cssselect 1.0.3, parsel 1.5.0, w3lib 1.19.0, Twisted 18.7.0, Python 3.6.4 (v3.6.4:d48eceb, Dec 19 2017, 06:54:40) [MSC v.1900 64 bit (AMD64)], pyOpenSSL 18.0.0 (OpenSSL 1.1.0i  14 Aug 2018), cryptography 2.3.1, Platform Windows-7-6.1.7601-SP1
2019-05-13 10:56:52 [scrapy.crawler] INFO: Overridden settings: {'AJAXCRAWL_ENABLED': True, 'BOT_NAME': 'ARGUS', 'COMPRESSION_ENABLED': False, 'CONCURRENT_ITEMS': 200, 'CONCURRENT_REQUESTS': 100, 'COOKIES_ENABLED': False, 'DOWNLOAD_MAXSIZE': 10000000, 'DOWNLOAD_TIMEOUT': 20, 'FEED_URI': 'file:///C:/ARGUS-webarchive/ARGUS-webarchive/items/ARGUS/webarchive/0ade133a755d11e9ae4c00505680340c.jl', 'LOG_FILE': 'logs\\ARGUS\\webarchive\\0ade133a755d11e9ae4c00505680340c.log', 'LOG_LEVEL': 'INFO', 'NEWSPIDER_MODULE': 'ARGUS.spiders', 'REACTOR_THREADPOOL_MAXSIZE': 30, 'REDIRECT_MAX_TIMES': 2, 'RETRY_ENABLED': False, 'SPIDER_MODULES': ['ARGUS.spiders']}
2019-05-13 10:56:52 [py.warnings] WARNING: c:\python36\lib\site-packages\scrapy\utils\deprecate.py:156: ScrapyDeprecationWarning: `scrapy.contrib.feedexport.FeedExporter` class is deprecated, use `scrapy.extensions.feedexport.FeedExporter` instead
  ScrapyDeprecationWarning)

2019-05-13 10:56:52 [scrapy.middleware] INFO: Enabled extensions:
['scrapy.extensions.corestats.CoreStats',
 'scrapy.extensions.telnet.TelnetConsole',
 'scrapy.extensions.logstats.LogStats']
2019-05-13 10:56:52 [scrapy.middleware] INFO: Enabled downloader middlewares:
['scrapy.downloadermiddlewares.httpauth.HttpAuthMiddleware',
 'scrapy.downloadermiddlewares.downloadtimeout.DownloadTimeoutMiddleware',
 'scrapy.downloadermiddlewares.defaultheaders.DefaultHeadersMiddleware',
 'scrapy_fake_useragent.middleware.RandomUserAgentMiddleware',
 'scrapy.downloadermiddlewares.redirect.RedirectMiddleware',
 'scrapy.downloadermiddlewares.ajaxcrawl.AjaxCrawlMiddleware',
 'scrapy.downloadermiddlewares.redirect.MetaRefreshMiddleware',
 'scrapy.downloadermiddlewares.httpproxy.HttpProxyMiddleware',
 'scrapy.downloadermiddlewares.stats.DownloaderStats']
2019-05-13 10:56:52 [scrapy.middleware] INFO: Enabled spider middlewares:
['scrapy.spidermiddlewares.httperror.HttpErrorMiddleware',
 'scrapy.spidermiddlewares.offsite.OffsiteMiddleware',
 'scrapy.spidermiddlewares.referer.RefererMiddleware',
 'scrapy.spidermiddlewares.urllength.UrlLengthMiddleware',
 'scrapy.spidermiddlewares.depth.DepthMiddleware']
2019-05-13 10:56:52 [scrapy.middleware] INFO: Enabled item pipelines:
['ARGUS.pipelines.TextPipeline']
2019-05-13 10:56:52 [scrapy.core.engine] INFO: Spider opened
2019-05-13 10:56:52 [scrapy.extensions.logstats] INFO: Crawled 0 pages (at 0 pages/min), scraped 0 items (at 0 items/min)
2019-05-13 10:57:54 [scrapy.extensions.logstats] INFO: Crawled 33 pages (at 33 pages/min), scraped 0 items (at 0 items/min)
2019-05-13 10:58:53 [scrapy.extensions.logstats] INFO: Crawled 74 pages (at 41 pages/min), scraped 0 items (at 0 items/min)
2019-05-13 10:59:54 [scrapy.extensions.logstats] INFO: Crawled 112 pages (at 38 pages/min), scraped 0 items (at 0 items/min)
2019-05-13 11:00:54 [scrapy.extensions.logstats] INFO: Crawled 145 pages (at 33 pages/min), scraped 0 items (at 0 items/min)
2019-05-13 11:01:28 [scrapy.core.engine] INFO: Closing spider (finished)
2019-05-13 11:01:28 [scrapy.statscollectors] INFO: Dumping Scrapy stats:
{'downloader/exception_count': 1,
 'downloader/exception_type_count/twisted.internet.error.TimeoutError': 1,
 'downloader/request_bytes': 62882,
 'downloader/request_count': 169,
 'downloader/request_method_count/GET': 169,
 'downloader/response_bytes': 24468580,
 'downloader/response_count': 168,
 'downloader/response_status_count/200': 155,
 'downloader/response_status_count/301': 8,
 'downloader/response_status_count/403': 3,
 'downloader/response_status_count/404': 2,
 'finish_reason': 'finished',
 'finish_time': datetime.datetime(2019, 5, 13, 9, 1, 28, 598512),
 'item_scraped_count': 3,
 'log_count/INFO': 11,
 'log_count/WARNING': 1,
 'request_depth_max': 59,
 'response_received_count': 164,
 'scheduler/dequeued': 169,
 'scheduler/dequeued/memory': 169,
 'scheduler/enqueued': 169,
 'scheduler/enqueued/memory': 169,
 'start_time': datetime.datetime(2019, 5, 13, 8, 56, 52, 773932)}
2019-05-13 11:01:28 [scrapy.core.engine] INFO: Spider closed (finished)
