2019-03-04 08:28:55 [scrapy.utils.log] INFO: Scrapy 1.5.1 started (bot: ARGUS)
2019-03-04 08:28:55 [scrapy.utils.log] INFO: Versions: lxml 4.2.4.0, libxml2 2.9.5, cssselect 1.0.3, parsel 1.5.0, w3lib 1.19.0, Twisted 18.7.0, Python 3.6.4 (v3.6.4:d48eceb, Dec 19 2017, 06:54:40) [MSC v.1900 64 bit (AMD64)], pyOpenSSL 18.0.0 (OpenSSL 1.1.0i  14 Aug 2018), cryptography 2.3.1, Platform Windows-7-6.1.7601-SP1
2019-03-04 08:28:55 [scrapy.crawler] INFO: Overridden settings: {'AJAXCRAWL_ENABLED': True, 'BOT_NAME': 'ARGUS', 'COMPRESSION_ENABLED': False, 'CONCURRENT_ITEMS': 200, 'CONCURRENT_REQUESTS': 100, 'COOKIES_ENABLED': False, 'DOWNLOAD_MAXSIZE': 10000000, 'DOWNLOAD_TIMEOUT': 20, 'FEED_URI': 'file:///C:/ARGUS-webarchive/ARGUS-webarchive/items/ARGUS/webarchive/28bdc71e3e4f11e9ba2000505680340c.jl', 'LOG_FILE': 'logs\\ARGUS\\webarchive\\28bdc71e3e4f11e9ba2000505680340c.log', 'LOG_LEVEL': 'INFO', 'NEWSPIDER_MODULE': 'ARGUS.spiders', 'REACTOR_THREADPOOL_MAXSIZE': 30, 'REDIRECT_MAX_TIMES': 2, 'RETRY_ENABLED': False, 'SPIDER_MODULES': ['ARGUS.spiders']}
2019-03-04 08:28:55 [py.warnings] WARNING: c:\python36\lib\site-packages\scrapy\utils\deprecate.py:156: ScrapyDeprecationWarning: `scrapy.contrib.feedexport.FeedExporter` class is deprecated, use `scrapy.extensions.feedexport.FeedExporter` instead
  ScrapyDeprecationWarning)

2019-03-04 08:28:55 [scrapy.middleware] INFO: Enabled extensions:
['scrapy.extensions.corestats.CoreStats',
 'scrapy.extensions.telnet.TelnetConsole',
 'scrapy.extensions.logstats.LogStats']
2019-03-04 08:28:55 [scrapy.middleware] INFO: Enabled downloader middlewares:
['scrapy.downloadermiddlewares.httpauth.HttpAuthMiddleware',
 'scrapy.downloadermiddlewares.downloadtimeout.DownloadTimeoutMiddleware',
 'scrapy.downloadermiddlewares.defaultheaders.DefaultHeadersMiddleware',
 'scrapy_fake_useragent.middleware.RandomUserAgentMiddleware',
 'scrapy.downloadermiddlewares.redirect.RedirectMiddleware',
 'scrapy.downloadermiddlewares.ajaxcrawl.AjaxCrawlMiddleware',
 'scrapy.downloadermiddlewares.redirect.MetaRefreshMiddleware',
 'scrapy.downloadermiddlewares.httpproxy.HttpProxyMiddleware',
 'scrapy.downloadermiddlewares.stats.DownloaderStats']
2019-03-04 08:28:55 [scrapy.middleware] INFO: Enabled spider middlewares:
['scrapy.spidermiddlewares.httperror.HttpErrorMiddleware',
 'scrapy.spidermiddlewares.offsite.OffsiteMiddleware',
 'scrapy.spidermiddlewares.referer.RefererMiddleware',
 'scrapy.spidermiddlewares.urllength.UrlLengthMiddleware',
 'scrapy.spidermiddlewares.depth.DepthMiddleware']
2019-03-04 08:28:55 [scrapy.middleware] INFO: Enabled item pipelines:
['ARGUS.pipelines.TextPipeline']
2019-03-04 08:28:55 [scrapy.core.engine] INFO: Spider opened
2019-03-04 08:28:55 [scrapy.extensions.logstats] INFO: Crawled 0 pages (at 0 pages/min), scraped 0 items (at 0 items/min)
2019-03-04 08:29:05 [scrapy.core.scraper] ERROR: Spider error processing <GET https://web.archive.org/web/20100408031722id_/http://www.zew.de/en> (referer: https://www.zew.de/en/)
Traceback (most recent call last):
  File "c:\python36\lib\site-packages\twisted\internet\defer.py", line 654, in _runCallbacks
    current.result = callback(current.result, *args, **kw)
  File "C:\ARGUS-webarchive\ARGUS-webarchive\ARGUS\spiders\webarchive.py", line 454, in parse_archive_subpage
    return self.processURLstack(response, current_datestack)
TypeError: processURLstack() takes 2 positional arguments but 3 were given
2019-03-04 08:29:05 [scrapy.core.scraper] ERROR: Spider error processing <GET https://web.archive.org/web/20130224195223id_/http://www.zew.de/en/> (referer: https://www.zew.de/en/)
Traceback (most recent call last):
  File "c:\python36\lib\site-packages\twisted\internet\defer.py", line 654, in _runCallbacks
    current.result = callback(current.result, *args, **kw)
  File "C:\ARGUS-webarchive\ARGUS-webarchive\ARGUS\spiders\webarchive.py", line 454, in parse_archive_subpage
    return self.processURLstack(response, current_datestack)
TypeError: processURLstack() takes 2 positional arguments but 3 were given
2019-03-04 08:29:06 [scrapy.core.scraper] ERROR: Spider error processing <GET https://web.archive.org/web/20181223194508id_/https://www.zew.de/en/> (referer: https://www.zew.de/en/)
Traceback (most recent call last):
  File "c:\python36\lib\site-packages\twisted\internet\defer.py", line 654, in _runCallbacks
    current.result = callback(current.result, *args, **kw)
  File "C:\ARGUS-webarchive\ARGUS-webarchive\ARGUS\spiders\webarchive.py", line 454, in parse_archive_subpage
    return self.processURLstack(response, current_datestack)
TypeError: processURLstack() takes 2 positional arguments but 3 were given
2019-03-04 08:29:06 [scrapy.core.scraper] ERROR: Spider error processing <GET https://web.archive.org/web/20160322115531id_/http://www.zew.de/en/> (referer: https://www.zew.de/en/)
Traceback (most recent call last):
  File "c:\python36\lib\site-packages\twisted\internet\defer.py", line 654, in _runCallbacks
    current.result = callback(current.result, *args, **kw)
  File "C:\ARGUS-webarchive\ARGUS-webarchive\ARGUS\spiders\webarchive.py", line 454, in parse_archive_subpage
    return self.processURLstack(response, current_datestack)
TypeError: processURLstack() takes 2 positional arguments but 3 were given
2019-03-04 08:29:06 [scrapy.core.engine] INFO: Closing spider (finished)
2019-03-04 08:29:06 [scrapy.statscollectors] INFO: Dumping Scrapy stats:
{'downloader/request_bytes': 4620,
 'downloader/request_count': 15,
 'downloader/request_method_count/GET': 15,
 'downloader/response_bytes': 774005,
 'downloader/response_count': 15,
 'downloader/response_status_count/200': 12,
 'downloader/response_status_count/301': 2,
 'downloader/response_status_count/403': 1,
 'finish_reason': 'finished',
 'finish_time': datetime.datetime(2019, 3, 4, 7, 29, 6, 627998),
 'log_count/ERROR': 4,
 'log_count/INFO': 7,
 'log_count/WARNING': 1,
 'request_depth_max': 3,
 'response_received_count': 13,
 'scheduler/dequeued': 15,
 'scheduler/dequeued/memory': 15,
 'scheduler/enqueued': 15,
 'scheduler/enqueued/memory': 15,
 'spider_exceptions/TypeError': 4,
 'start_time': datetime.datetime(2019, 3, 4, 7, 28, 55, 722908)}
2019-03-04 08:29:06 [scrapy.core.engine] INFO: Spider closed (finished)
