2019-05-06 10:38:36 [scrapy.utils.log] INFO: Scrapy 1.5.1 started (bot: ARGUS)
2019-05-06 10:38:36 [scrapy.utils.log] INFO: Versions: lxml 4.2.4.0, libxml2 2.9.5, cssselect 1.0.3, parsel 1.5.0, w3lib 1.19.0, Twisted 18.7.0, Python 3.6.4 (v3.6.4:d48eceb, Dec 19 2017, 06:54:40) [MSC v.1900 64 bit (AMD64)], pyOpenSSL 18.0.0 (OpenSSL 1.1.0i  14 Aug 2018), cryptography 2.3.1, Platform Windows-7-6.1.7601-SP1
2019-05-06 10:38:36 [scrapy.crawler] INFO: Overridden settings: {'AJAXCRAWL_ENABLED': True, 'BOT_NAME': 'ARGUS', 'COMPRESSION_ENABLED': False, 'CONCURRENT_ITEMS': 200, 'CONCURRENT_REQUESTS': 100, 'COOKIES_ENABLED': False, 'DOWNLOAD_MAXSIZE': 10000000, 'DOWNLOAD_TIMEOUT': 20, 'FEED_URI': 'file:///C:/ARGUS-webarchive/ARGUS-webarchive/items/ARGUS/webarchive/55468fe26fda11e982c400505680340c.jl', 'LOG_FILE': 'logs\\ARGUS\\webarchive\\55468fe26fda11e982c400505680340c.log', 'NEWSPIDER_MODULE': 'ARGUS.spiders', 'REACTOR_THREADPOOL_MAXSIZE': 30, 'REDIRECT_MAX_TIMES': 2, 'RETRY_ENABLED': False, 'SPIDER_MODULES': ['ARGUS.spiders']}
2019-05-06 10:38:36 [py.warnings] WARNING: c:\python36\lib\site-packages\scrapy\utils\deprecate.py:156: ScrapyDeprecationWarning: `scrapy.contrib.feedexport.FeedExporter` class is deprecated, use `scrapy.extensions.feedexport.FeedExporter` instead
  ScrapyDeprecationWarning)

2019-05-06 10:38:36 [scrapy.middleware] INFO: Enabled extensions:
['scrapy.extensions.corestats.CoreStats',
 'scrapy.extensions.telnet.TelnetConsole',
 'scrapy.extensions.logstats.LogStats']
2019-05-06 10:38:36 [scrapy.middleware] INFO: Enabled downloader middlewares:
['scrapy.downloadermiddlewares.httpauth.HttpAuthMiddleware',
 'scrapy.downloadermiddlewares.downloadtimeout.DownloadTimeoutMiddleware',
 'scrapy.downloadermiddlewares.defaultheaders.DefaultHeadersMiddleware',
 'scrapy_fake_useragent.middleware.RandomUserAgentMiddleware',
 'scrapy.downloadermiddlewares.redirect.RedirectMiddleware',
 'scrapy.downloadermiddlewares.ajaxcrawl.AjaxCrawlMiddleware',
 'scrapy.downloadermiddlewares.redirect.MetaRefreshMiddleware',
 'scrapy.downloadermiddlewares.httpproxy.HttpProxyMiddleware',
 'scrapy.downloadermiddlewares.stats.DownloaderStats']
2019-05-06 10:38:36 [scrapy.middleware] INFO: Enabled spider middlewares:
['scrapy.spidermiddlewares.httperror.HttpErrorMiddleware',
 'scrapy.spidermiddlewares.offsite.OffsiteMiddleware',
 'scrapy.spidermiddlewares.referer.RefererMiddleware',
 'scrapy.spidermiddlewares.urllength.UrlLengthMiddleware',
 'scrapy.spidermiddlewares.depth.DepthMiddleware']
2019-05-06 10:38:36 [scrapy.middleware] INFO: Enabled item pipelines:
['ARGUS.pipelines.TextPipeline']
2019-05-06 10:38:36 [scrapy.core.engine] INFO: Spider opened
2019-05-06 10:38:36 [scrapy.extensions.logstats] INFO: Crawled 0 pages (at 0 pages/min), scraped 0 items (at 0 items/min)
2019-05-06 10:38:36 [scrapy.extensions.telnet] DEBUG: Telnet console listening on 127.0.0.1:6023
2019-05-06 10:38:36 [scrapy.downloadermiddlewares.redirect] DEBUG: Redirecting (301) to <GET https://zew.de/> from <GET http://zew.de>
2019-05-06 10:38:36 [scrapy.downloadermiddlewares.redirect] DEBUG: Redirecting (301) to <GET https://www.zew.de/> from <GET https://zew.de/>
2019-05-06 10:38:38 [scrapy.core.engine] DEBUG: Crawled (200) <GET https://www.zew.de/> (referer: None)
2019-05-06 10:38:38 [urllib3.connectionpool] DEBUG: Starting new HTTPS connection (1): web.archive.org:443
2019-05-06 10:38:40 [urllib3.connectionpool] DEBUG: https://web.archive.org:443 "GET /web/20100513id_/https://www.zew.de/ HTTP/1.1" 302 0
2019-05-06 10:38:41 [urllib3.connectionpool] DEBUG: https://web.archive.org:443 "GET /web/20100515134227id_/http://www.zew.de/ HTTP/1.1" 200 None
2019-05-06 10:38:42 [scrapy.core.engine] DEBUG: Crawled (200) <GET https://web.archive.org/web/20100515134227id_/http://www.zew.de/> (referer: https://www.zew.de/)
2019-05-06 10:38:42 [urllib3.connectionpool] DEBUG: Starting new HTTPS connection (1): web.archive.org:443
2019-05-06 10:38:44 [urllib3.connectionpool] DEBUG: https://web.archive.org:443 "GET /web/20150514id_/https://www.zew.de/ HTTP/1.1" 302 0
2019-05-06 10:38:44 [urllib3.connectionpool] DEBUG: https://web.archive.org:443 "GET /web/20150422094943id_/http://www.zew.de/ HTTP/1.1" 301 None
2019-05-06 10:38:44 [urllib3.connectionpool] DEBUG: https://web.archive.org:443 "GET /web/20150422094943id_/http://www.zew.de/de/ HTTP/1.1" 302 0
2019-05-06 10:38:45 [urllib3.connectionpool] DEBUG: https://web.archive.org:443 "GET /web/20150422094945id_/http://www.zew.de/de/ HTTP/1.1" 200 None
2019-05-06 10:38:46 [scrapy.core.engine] DEBUG: Crawled (200) <GET https://web.archive.org/web/20150422094945id_/http://www.zew.de/de/> (referer: https://web.archive.org/web/20100515134227id_/http://www.zew.de/)
2019-05-06 10:38:46 [scrapy.core.engine] DEBUG: Crawled (200) <GET https://web.archive.org/web/20150422094945id_/http://www.zew.de/de/> (referer: https://web.archive.org/web/20150422094945id_/http://www.zew.de/de/)
2019-05-06 10:38:46 [scrapy.core.engine] DEBUG: Crawled (200) <GET https://www.zew.de/de/> (referer: https://web.archive.org/web/20150422094945id_/http://www.zew.de/de/)
2019-05-06 10:38:47 [urllib3.connectionpool] DEBUG: Starting new HTTPS connection (1): web.archive.org:443
2019-05-06 10:38:47 [urllib3.connectionpool] DEBUG: https://web.archive.org:443 "GET /web/20100513id_/https://www.zew.de/de/ HTTP/1.1" 302 0
2019-05-06 10:38:48 [urllib3.connectionpool] DEBUG: https://web.archive.org:443 "GET /web/20100513010451id_/http://www.zew.de/de/ HTTP/1.1" 200 None
2019-05-06 10:38:49 [scrapy.core.engine] DEBUG: Crawled (200) <GET https://web.archive.org/web/20100513010451id_/http://www.zew.de/de/> (referer: https://www.zew.de/de/)
2019-05-06 10:38:49 [urllib3.connectionpool] DEBUG: Starting new HTTPS connection (1): web.archive.org:443
2019-05-06 10:38:50 [urllib3.connectionpool] DEBUG: https://web.archive.org:443 "GET /web/20150514id_/https://www.zew.de/de/ HTTP/1.1" 302 0
2019-05-06 10:38:50 [urllib3.connectionpool] DEBUG: https://web.archive.org:443 "GET /web/20150506211721id_/http://www.zew.de/de/ HTTP/1.1" 200 None
2019-05-06 10:38:51 [scrapy.core.engine] DEBUG: Crawled (200) <GET https://web.archive.org/web/20150506211721id_/http://www.zew.de/de/> (referer: https://web.archive.org/web/20100513010451id_/http://www.zew.de/de/)
2019-05-06 10:38:51 [scrapy.core.engine] DEBUG: Crawled (200) <GET https://web.archive.org/web/20150506211721id_/http://www.zew.de/de/> (referer: https://web.archive.org/web/20150506211721id_/http://www.zew.de/de/)
2019-05-06 10:38:51 [scrapy.core.engine] DEBUG: Crawled (301) <GET http://www.zew.de/de/rss/> (referer: None)
2019-05-06 10:38:51 [urllib3.connectionpool] DEBUG: Starting new HTTPS connection (1): web.archive.org:443
2019-05-06 10:38:52 [urllib3.connectionpool] DEBUG: https://web.archive.org:443 "GET /web/20100513id_/http://www.zew.de/de/rss/ HTTP/1.1" 302 0
2019-05-06 10:38:53 [urllib3.connectionpool] DEBUG: https://web.archive.org:443 "GET /web/20150615053956id_/http://www.zew.de/de/rss HTTP/1.1" 200 None
2019-05-06 10:38:56 [scrapy.core.engine] DEBUG: Crawled (200) <GET https://web.archive.org/web/20150615053956id_/http://www.zew.de/de/rss> (referer: http://www.zew.de/de/rss/)
2019-05-06 10:38:56 [urllib3.connectionpool] DEBUG: Starting new HTTPS connection (1): web.archive.org:443
2019-05-06 10:38:56 [urllib3.connectionpool] DEBUG: https://web.archive.org:443 "GET /web/20150514id_/http://www.zew.de/de/rss/ HTTP/1.1" 302 0
2019-05-06 10:38:57 [urllib3.connectionpool] DEBUG: https://web.archive.org:443 "GET /web/20150615053956id_/http://www.zew.de/de/rss HTTP/1.1" 200 None
2019-05-06 10:38:57 [scrapy.core.engine] DEBUG: Crawled (200) <GET https://web.archive.org/web/20150615053956id_/http://www.zew.de/de/rss> (referer: https://web.archive.org/web/20150615053956id_/http://www.zew.de/de/rss)
2019-05-06 10:38:58 [scrapy.core.engine] DEBUG: Crawled (200) <GET https://web.archive.org/web/20150615053956id_/http://www.zew.de/de/rss> (referer: https://web.archive.org/web/20150615053956id_/http://www.zew.de/de/rss)
2019-05-06 10:38:58 [scrapy.core.engine] INFO: Closing spider (finished)
2019-05-06 10:38:58 [scrapy.statscollectors] INFO: Dumping Scrapy stats:
{'downloader/request_bytes': 4602,
 'downloader/request_count': 14,
 'downloader/request_method_count/GET': 14,
 'downloader/response_bytes': 537853,
 'downloader/response_count': 14,
 'downloader/response_status_count/200': 11,
 'downloader/response_status_count/301': 3,
 'finish_reason': 'finished',
 'finish_time': datetime.datetime(2019, 5, 6, 8, 38, 58, 470705),
 'log_count/DEBUG': 35,
 'log_count/INFO': 7,
 'log_count/WARNING': 1,
 'request_depth_max': 11,
 'response_received_count': 12,
 'scheduler/dequeued': 14,
 'scheduler/dequeued/memory': 14,
 'scheduler/enqueued': 14,
 'scheduler/enqueued/memory': 14,
 'start_time': datetime.datetime(2019, 5, 6, 8, 38, 36, 656524)}
2019-05-06 10:38:58 [scrapy.core.engine] INFO: Spider closed (finished)
