2019-02-28 08:49:51 [scrapy.utils.log] INFO: Scrapy 1.5.1 started (bot: ARGUS)
2019-02-28 08:49:51 [scrapy.utils.log] INFO: Versions: lxml 4.2.4.0, libxml2 2.9.5, cssselect 1.0.3, parsel 1.5.0, w3lib 1.19.0, Twisted 18.7.0, Python 3.6.4 (v3.6.4:d48eceb, Dec 19 2017, 06:54:40) [MSC v.1900 64 bit (AMD64)], pyOpenSSL 18.0.0 (OpenSSL 1.1.0i  14 Aug 2018), cryptography 2.3.1, Platform Windows-7-6.1.7601-SP1
2019-02-28 08:49:51 [scrapy.crawler] INFO: Overridden settings: {'AJAXCRAWL_ENABLED': True, 'BOT_NAME': 'ARGUS', 'COMPRESSION_ENABLED': False, 'CONCURRENT_ITEMS': 200, 'CONCURRENT_REQUESTS': 100, 'COOKIES_ENABLED': False, 'DOWNLOAD_MAXSIZE': 10000000, 'DOWNLOAD_TIMEOUT': 20, 'FEED_URI': 'file:///C:/ARGUS-webarchive/ARGUS-webarchive/items/ARGUS/webarchive/6bd232cc3b2d11e9ac7800505680340c.jl', 'LOG_FILE': 'logs\\ARGUS\\webarchive\\6bd232cc3b2d11e9ac7800505680340c.log', 'LOG_LEVEL': 'INFO', 'NEWSPIDER_MODULE': 'ARGUS.spiders', 'REACTOR_THREADPOOL_MAXSIZE': 30, 'REDIRECT_MAX_TIMES': 2, 'RETRY_ENABLED': False, 'SPIDER_MODULES': ['ARGUS.spiders']}
2019-02-28 08:49:51 [py.warnings] WARNING: c:\python36\lib\site-packages\scrapy\utils\deprecate.py:156: ScrapyDeprecationWarning: `scrapy.contrib.feedexport.FeedExporter` class is deprecated, use `scrapy.extensions.feedexport.FeedExporter` instead
  ScrapyDeprecationWarning)

2019-02-28 08:49:51 [scrapy.middleware] INFO: Enabled extensions:
['scrapy.extensions.corestats.CoreStats',
 'scrapy.extensions.telnet.TelnetConsole',
 'scrapy.extensions.logstats.LogStats']
2019-02-28 08:49:51 [scrapy.middleware] INFO: Enabled downloader middlewares:
['scrapy.downloadermiddlewares.httpauth.HttpAuthMiddleware',
 'scrapy.downloadermiddlewares.downloadtimeout.DownloadTimeoutMiddleware',
 'scrapy.downloadermiddlewares.defaultheaders.DefaultHeadersMiddleware',
 'scrapy_fake_useragent.middleware.RandomUserAgentMiddleware',
 'scrapy.downloadermiddlewares.redirect.RedirectMiddleware',
 'scrapy.downloadermiddlewares.ajaxcrawl.AjaxCrawlMiddleware',
 'scrapy.downloadermiddlewares.redirect.MetaRefreshMiddleware',
 'scrapy.downloadermiddlewares.httpproxy.HttpProxyMiddleware',
 'scrapy.downloadermiddlewares.stats.DownloaderStats']
2019-02-28 08:49:51 [scrapy.middleware] INFO: Enabled spider middlewares:
['scrapy.spidermiddlewares.httperror.HttpErrorMiddleware',
 'scrapy.spidermiddlewares.offsite.OffsiteMiddleware',
 'scrapy.spidermiddlewares.referer.RefererMiddleware',
 'scrapy.spidermiddlewares.urllength.UrlLengthMiddleware',
 'scrapy.spidermiddlewares.depth.DepthMiddleware']
2019-02-28 08:49:51 [scrapy.middleware] INFO: Enabled item pipelines:
['ARGUS.pipelines.TextPipeline']
2019-02-28 08:49:51 [scrapy.core.engine] INFO: Spider opened
2019-02-28 08:49:51 [scrapy.extensions.logstats] INFO: Crawled 0 pages (at 0 pages/min), scraped 0 items (at 0 items/min)
2019-02-28 08:50:15 [scrapy.core.scraper] ERROR: Spider error processing <GET https://web.archive.org/web/20090218164145id_/http://www.spiegel.de/> (referer: http://www.spiegel.de/)
Traceback (most recent call last):
  File "c:\python36\lib\site-packages\scrapy\utils\defer.py", line 102, in iter_errback
    yield next(it)
  File "C:\ARGUS-webarchive\ARGUS-webarchive\ARGUS\spiders\webarchive.py", line 199, in parse
    print("MAIN PARSE:", response.url)
AttributeError: 'Failure' object has no attribute 'url'
2019-02-28 08:50:24 [scrapy.core.scraper] ERROR: Spider error processing <GET https://web.archive.org/web/20160219233058id_/http://www.spiegel.de/> (referer: http://www.spiegel.de/)
Traceback (most recent call last):
  File "c:\python36\lib\site-packages\scrapy\utils\defer.py", line 102, in iter_errback
    yield next(it)
  File "C:\ARGUS-webarchive\ARGUS-webarchive\ARGUS\spiders\webarchive.py", line 199, in parse
    print("MAIN PARSE:", response.url)
AttributeError: 'Failure' object has no attribute 'url'
2019-02-28 08:50:26 [scrapy.core.engine] INFO: Closing spider (finished)
2019-02-28 08:50:26 [scrapy.statscollectors] INFO: Dumping Scrapy stats:
{'downloader/exception_count': 2,
 'downloader/exception_type_count/twisted.internet.error.TimeoutError': 2,
 'downloader/request_bytes': 6581,
 'downloader/request_count': 21,
 'downloader/request_method_count/GET': 21,
 'downloader/response_bytes': 1244759,
 'downloader/response_count': 19,
 'downloader/response_status_count/200': 13,
 'downloader/response_status_count/301': 6,
 'finish_reason': 'finished',
 'finish_time': datetime.datetime(2019, 2, 28, 7, 50, 26, 957451),
 'log_count/ERROR': 2,
 'log_count/INFO': 7,
 'log_count/WARNING': 1,
 'request_depth_max': 4,
 'response_received_count': 16,
 'scheduler/dequeued': 21,
 'scheduler/dequeued/memory': 21,
 'scheduler/enqueued': 21,
 'scheduler/enqueued/memory': 21,
 'spider_exceptions/AttributeError': 2,
 'start_time': datetime.datetime(2019, 2, 28, 7, 49, 51, 724928)}
2019-02-28 08:50:26 [scrapy.core.engine] INFO: Spider closed (finished)
