2019-02-26 11:23:36 [scrapy.utils.log] INFO: Scrapy 1.5.1 started (bot: ARGUS)
2019-02-26 11:23:36 [scrapy.utils.log] INFO: Versions: lxml 4.2.4.0, libxml2 2.9.5, cssselect 1.0.3, parsel 1.5.0, w3lib 1.19.0, Twisted 18.7.0, Python 3.6.4 (v3.6.4:d48eceb, Dec 19 2017, 06:54:40) [MSC v.1900 64 bit (AMD64)], pyOpenSSL 18.0.0 (OpenSSL 1.1.0i  14 Aug 2018), cryptography 2.3.1, Platform Windows-7-6.1.7601-SP1
2019-02-26 11:23:36 [scrapy.crawler] INFO: Overridden settings: {'AJAXCRAWL_ENABLED': True, 'BOT_NAME': 'ARGUS', 'COMPRESSION_ENABLED': False, 'CONCURRENT_ITEMS': 200, 'CONCURRENT_REQUESTS': 100, 'COOKIES_ENABLED': False, 'DOWNLOAD_MAXSIZE': 10000000, 'DOWNLOAD_TIMEOUT': 20, 'FEED_URI': 'file:///C:/ARGUS-webarchive/ARGUS-webarchive/items/ARGUS/webarchive/9151962c39b011e9a6c800505680340c.jl', 'LOG_FILE': 'logs\\ARGUS\\webarchive\\9151962c39b011e9a6c800505680340c.log', 'LOG_LEVEL': 'INFO', 'NEWSPIDER_MODULE': 'ARGUS.spiders', 'REACTOR_THREADPOOL_MAXSIZE': 30, 'REDIRECT_MAX_TIMES': 2, 'RETRY_ENABLED': False, 'SPIDER_MODULES': ['ARGUS.spiders']}
2019-02-26 11:23:36 [py.warnings] WARNING: c:\python36\lib\site-packages\scrapy\utils\deprecate.py:156: ScrapyDeprecationWarning: `scrapy.contrib.feedexport.FeedExporter` class is deprecated, use `scrapy.extensions.feedexport.FeedExporter` instead
  ScrapyDeprecationWarning)

2019-02-26 11:23:36 [scrapy.middleware] INFO: Enabled extensions:
['scrapy.extensions.corestats.CoreStats',
 'scrapy.extensions.telnet.TelnetConsole',
 'scrapy.extensions.logstats.LogStats']
2019-02-26 11:23:36 [scrapy.middleware] INFO: Enabled downloader middlewares:
['scrapy.downloadermiddlewares.httpauth.HttpAuthMiddleware',
 'scrapy.downloadermiddlewares.downloadtimeout.DownloadTimeoutMiddleware',
 'scrapy.downloadermiddlewares.defaultheaders.DefaultHeadersMiddleware',
 'scrapy_fake_useragent.middleware.RandomUserAgentMiddleware',
 'scrapy.downloadermiddlewares.redirect.RedirectMiddleware',
 'scrapy.downloadermiddlewares.ajaxcrawl.AjaxCrawlMiddleware',
 'scrapy.downloadermiddlewares.redirect.MetaRefreshMiddleware',
 'scrapy.downloadermiddlewares.httpproxy.HttpProxyMiddleware',
 'scrapy.downloadermiddlewares.stats.DownloaderStats']
2019-02-26 11:23:36 [scrapy.middleware] INFO: Enabled spider middlewares:
['scrapy.spidermiddlewares.httperror.HttpErrorMiddleware',
 'scrapy.spidermiddlewares.offsite.OffsiteMiddleware',
 'scrapy.spidermiddlewares.referer.RefererMiddleware',
 'scrapy.spidermiddlewares.urllength.UrlLengthMiddleware',
 'scrapy.spidermiddlewares.depth.DepthMiddleware']
2019-02-26 11:23:36 [scrapy.middleware] INFO: Enabled item pipelines:
['ARGUS.pipelines.TextPipeline']
2019-02-26 11:23:36 [scrapy.core.engine] INFO: Spider opened
2019-02-26 11:23:36 [scrapy.extensions.logstats] INFO: Crawled 0 pages (at 0 pages/min), scraped 0 items (at 0 items/min)
2019-02-26 11:23:43 [scrapy.core.scraper] ERROR: Spider error processing <GET https://web.archive.org/web/20090217091719id_/http://www.zew.de/de/> (referer: https://www.zew.de/de/)
Traceback (most recent call last):
  File "c:\python36\lib\site-packages\twisted\internet\defer.py", line 654, in _runCallbacks
    current.result = callback(current.result, *args, **kw)
  File "C:\ARGUS-webarchive\ARGUS-webarchive\ARGUS\spiders\webarchive.py", line 430, in parse_archive_subpage
    return self.parse()
TypeError: parse() missing 1 required positional argument: 'response'
2019-02-26 11:23:43 [scrapy.core.scraper] ERROR: Spider error processing <GET https://web.archive.org/web/20180528201155id_/http://www.spiegel.de/extra/allgemeine-nutzungsbedingungen-a-1207633.html> (referer: http://www.spiegel.de/anb)
Traceback (most recent call last):
  File "c:\python36\lib\site-packages\twisted\internet\defer.py", line 654, in _runCallbacks
    current.result = callback(current.result, *args, **kw)
  File "C:\ARGUS-webarchive\ARGUS-webarchive\ARGUS\spiders\webarchive.py", line 430, in parse_archive_subpage
    return self.parse()
TypeError: parse() missing 1 required positional argument: 'response'
2019-02-26 11:23:43 [scrapy.core.engine] INFO: Closing spider (finished)
2019-02-26 11:23:43 [scrapy.statscollectors] INFO: Dumping Scrapy stats:
{'downloader/request_bytes': 3061,
 'downloader/request_count': 11,
 'downloader/request_method_count/GET': 11,
 'downloader/response_bytes': 837069,
 'downloader/response_count': 11,
 'downloader/response_status_count/200': 7,
 'downloader/response_status_count/301': 4,
 'finish_reason': 'finished',
 'finish_time': datetime.datetime(2019, 2, 26, 10, 23, 43, 617225),
 'log_count/ERROR': 2,
 'log_count/INFO': 7,
 'log_count/WARNING': 1,
 'request_depth_max': 3,
 'response_received_count': 8,
 'scheduler/dequeued': 11,
 'scheduler/dequeued/memory': 11,
 'scheduler/enqueued': 11,
 'scheduler/enqueued/memory': 11,
 'spider_exceptions/TypeError': 2,
 'start_time': datetime.datetime(2019, 2, 26, 10, 23, 36, 482511)}
2019-02-26 11:23:43 [scrapy.core.engine] INFO: Spider closed (finished)
