2019-02-28 08:52:48 [scrapy.utils.log] INFO: Scrapy 1.5.1 started (bot: ARGUS)
2019-02-28 08:52:48 [scrapy.utils.log] INFO: Versions: lxml 4.2.4.0, libxml2 2.9.5, cssselect 1.0.3, parsel 1.5.0, w3lib 1.19.0, Twisted 18.7.0, Python 3.6.4 (v3.6.4:d48eceb, Dec 19 2017, 06:54:40) [MSC v.1900 64 bit (AMD64)], pyOpenSSL 18.0.0 (OpenSSL 1.1.0i  14 Aug 2018), cryptography 2.3.1, Platform Windows-7-6.1.7601-SP1
2019-02-28 08:52:48 [scrapy.crawler] INFO: Overridden settings: {'AJAXCRAWL_ENABLED': True, 'BOT_NAME': 'ARGUS', 'COMPRESSION_ENABLED': False, 'CONCURRENT_ITEMS': 200, 'CONCURRENT_REQUESTS': 100, 'COOKIES_ENABLED': False, 'DOWNLOAD_MAXSIZE': 10000000, 'DOWNLOAD_TIMEOUT': 20, 'FEED_URI': 'file:///C:/ARGUS-webarchive/ARGUS-webarchive/items/ARGUS/webarchive/d5e68a0c3b2d11e9b4b300505680340c.jl', 'LOG_FILE': 'logs\\ARGUS\\webarchive\\d5e68a0c3b2d11e9b4b300505680340c.log', 'LOG_LEVEL': 'INFO', 'NEWSPIDER_MODULE': 'ARGUS.spiders', 'REACTOR_THREADPOOL_MAXSIZE': 30, 'REDIRECT_MAX_TIMES': 2, 'RETRY_ENABLED': False, 'SPIDER_MODULES': ['ARGUS.spiders']}
2019-02-28 08:52:48 [py.warnings] WARNING: c:\python36\lib\site-packages\scrapy\utils\deprecate.py:156: ScrapyDeprecationWarning: `scrapy.contrib.feedexport.FeedExporter` class is deprecated, use `scrapy.extensions.feedexport.FeedExporter` instead
  ScrapyDeprecationWarning)

2019-02-28 08:52:48 [scrapy.middleware] INFO: Enabled extensions:
['scrapy.extensions.corestats.CoreStats',
 'scrapy.extensions.telnet.TelnetConsole',
 'scrapy.extensions.logstats.LogStats']
2019-02-28 08:52:49 [scrapy.middleware] INFO: Enabled downloader middlewares:
['scrapy.downloadermiddlewares.httpauth.HttpAuthMiddleware',
 'scrapy.downloadermiddlewares.downloadtimeout.DownloadTimeoutMiddleware',
 'scrapy.downloadermiddlewares.defaultheaders.DefaultHeadersMiddleware',
 'scrapy_fake_useragent.middleware.RandomUserAgentMiddleware',
 'scrapy.downloadermiddlewares.redirect.RedirectMiddleware',
 'scrapy.downloadermiddlewares.ajaxcrawl.AjaxCrawlMiddleware',
 'scrapy.downloadermiddlewares.redirect.MetaRefreshMiddleware',
 'scrapy.downloadermiddlewares.httpproxy.HttpProxyMiddleware',
 'scrapy.downloadermiddlewares.stats.DownloaderStats']
2019-02-28 08:52:49 [scrapy.middleware] INFO: Enabled spider middlewares:
['scrapy.spidermiddlewares.httperror.HttpErrorMiddleware',
 'scrapy.spidermiddlewares.offsite.OffsiteMiddleware',
 'scrapy.spidermiddlewares.referer.RefererMiddleware',
 'scrapy.spidermiddlewares.urllength.UrlLengthMiddleware',
 'scrapy.spidermiddlewares.depth.DepthMiddleware']
2019-02-28 08:52:49 [scrapy.middleware] INFO: Enabled item pipelines:
['ARGUS.pipelines.TextPipeline']
2019-02-28 08:52:49 [scrapy.core.engine] INFO: Spider opened
2019-02-28 08:52:49 [scrapy.extensions.logstats] INFO: Crawled 0 pages (at 0 pages/min), scraped 0 items (at 0 items/min)
2019-02-28 08:53:00 [scrapy.core.scraper] ERROR: Spider must return Request, BaseItem, dict or None, got 'method' in <GET https://web.archive.org/web/20180528201155id_/http://www.spiegel.de/extra/allgemeine-nutzungsbedingungen-a-1207633.html>
2019-02-28 08:53:00 [scrapy.core.scraper] ERROR: Spider must return Request, BaseItem, dict or None, got 'method' in <GET https://web.archive.org/web/20090217091719id_/http://www.zew.de/de/>
2019-02-28 08:53:01 [scrapy.core.scraper] ERROR: Spider must return Request, BaseItem, dict or None, got 'method' in <GET https://web.archive.org/web/20090218120339id_/http://shop.spiegel.de/shop/action/?aUrl=90009999>
2019-02-28 08:53:01 [scrapy.core.engine] INFO: Closing spider (finished)
2019-02-28 08:53:01 [scrapy.statscollectors] INFO: Dumping Scrapy stats:
{'downloader/request_bytes': 6058,
 'downloader/request_count': 20,
 'downloader/request_method_count/GET': 20,
 'downloader/response_bytes': 1604447,
 'downloader/response_count': 20,
 'downloader/response_status_count/200': 14,
 'downloader/response_status_count/301': 6,
 'finish_reason': 'finished',
 'finish_time': datetime.datetime(2019, 2, 28, 7, 53, 1, 61860),
 'log_count/ERROR': 3,
 'log_count/INFO': 7,
 'log_count/WARNING': 1,
 'request_depth_max': 3,
 'response_received_count': 17,
 'scheduler/dequeued': 20,
 'scheduler/dequeued/memory': 20,
 'scheduler/enqueued': 20,
 'scheduler/enqueued/memory': 20,
 'start_time': datetime.datetime(2019, 2, 28, 7, 52, 49, 76662)}
2019-02-28 08:53:01 [scrapy.core.engine] INFO: Spider closed (finished)
