2019-05-29 09:32:13 [scrapy.utils.log] INFO: Scrapy 1.5.1 started (bot: ARGUS)
2019-05-29 09:32:13 [scrapy.utils.log] INFO: Versions: lxml 4.2.5.0, libxml2 2.9.8, cssselect 1.0.3, parsel 1.5.0, w3lib 1.19.0, Twisted 18.7.0, Python 3.6.6 |Anaconda custom (64-bit)| (default, Jun 28 2018, 11:27:44) [MSC v.1900 64 bit (AMD64)], pyOpenSSL 18.0.0 (OpenSSL 1.0.2p  14 Aug 2018), cryptography 2.3.1, Platform Windows-10-10.0.17134-SP0
2019-05-29 09:32:13 [scrapy.crawler] INFO: Overridden settings: {'AJAXCRAWL_ENABLED': True, 'BOT_NAME': 'ARGUS', 'COMPRESSION_ENABLED': False, 'CONCURRENT_ITEMS': 200, 'CONCURRENT_REQUESTS': 100, 'COOKIES_ENABLED': False, 'DOWNLOAD_MAXSIZE': 10000000, 'DOWNLOAD_TIMEOUT': 20, 'FEED_URI': 'file:///I:/%21Hiwis/f-schmidt/ARGUS-webarchive/ARGUS-webarchive/items/ARGUS/webarchive/de7a840081e311e99a292016b928d006.jl', 'LOG_FILE': 'logs\\ARGUS\\webarchive\\de7a840081e311e99a292016b928d006.log', 'LOG_LEVEL': 'INFO', 'NEWSPIDER_MODULE': 'ARGUS.spiders', 'REACTOR_THREADPOOL_MAXSIZE': 30, 'REDIRECT_MAX_TIMES': 2, 'RETRY_ENABLED': False, 'SPIDER_MODULES': ['ARGUS.spiders']}
2019-05-29 09:32:13 [py.warnings] WARNING: c:\anaconda\lib\site-packages\scrapy\utils\deprecate.py:156: ScrapyDeprecationWarning: `scrapy.contrib.feedexport.FeedExporter` class is deprecated, use `scrapy.extensions.feedexport.FeedExporter` instead
  ScrapyDeprecationWarning)

2019-05-29 09:32:13 [scrapy.middleware] INFO: Enabled extensions:
['scrapy.extensions.corestats.CoreStats',
 'scrapy.extensions.telnet.TelnetConsole',
 'scrapy.extensions.logstats.LogStats']
2019-05-29 09:32:16 [scrapy.middleware] INFO: Enabled downloader middlewares:
['scrapy.downloadermiddlewares.httpauth.HttpAuthMiddleware',
 'scrapy.downloadermiddlewares.downloadtimeout.DownloadTimeoutMiddleware',
 'scrapy.downloadermiddlewares.defaultheaders.DefaultHeadersMiddleware',
 'scrapy_fake_useragent.middleware.RandomUserAgentMiddleware',
 'scrapy.downloadermiddlewares.redirect.RedirectMiddleware',
 'scrapy.downloadermiddlewares.ajaxcrawl.AjaxCrawlMiddleware',
 'scrapy.downloadermiddlewares.redirect.MetaRefreshMiddleware',
 'scrapy.downloadermiddlewares.httpproxy.HttpProxyMiddleware',
 'scrapy.downloadermiddlewares.stats.DownloaderStats']
2019-05-29 09:32:16 [scrapy.middleware] INFO: Enabled spider middlewares:
['scrapy.spidermiddlewares.httperror.HttpErrorMiddleware',
 'scrapy.spidermiddlewares.offsite.OffsiteMiddleware',
 'scrapy.spidermiddlewares.referer.RefererMiddleware',
 'scrapy.spidermiddlewares.urllength.UrlLengthMiddleware',
 'scrapy.spidermiddlewares.depth.DepthMiddleware']
2019-05-29 09:32:16 [scrapy.middleware] INFO: Enabled item pipelines:
['ARGUS.pipelines.TextPipeline']
2019-05-29 09:32:16 [scrapy.core.engine] INFO: Spider opened
2019-05-29 09:32:16 [scrapy.extensions.logstats] INFO: Crawled 0 pages (at 0 pages/min), scraped 0 items (at 0 items/min)
2019-05-29 09:33:21 [scrapy.extensions.logstats] INFO: Crawled 30 pages (at 30 pages/min), scraped 0 items (at 0 items/min)
2019-05-29 09:34:19 [scrapy.extensions.logstats] INFO: Crawled 65 pages (at 35 pages/min), scraped 0 items (at 0 items/min)
2019-05-29 09:35:18 [scrapy.extensions.logstats] INFO: Crawled 102 pages (at 37 pages/min), scraped 1 items (at 1 items/min)
2019-05-29 09:35:55 [scrapy.core.engine] INFO: Closing spider (finished)
2019-05-29 09:35:55 [scrapy.statscollectors] INFO: Dumping Scrapy stats:
{'downloader/request_bytes': 44319,
 'downloader/request_count': 122,
 'downloader/request_method_count/GET': 122,
 'downloader/response_bytes': 25927128,
 'downloader/response_count': 122,
 'downloader/response_status_count/200': 112,
 'downloader/response_status_count/301': 9,
 'downloader/response_status_count/403': 1,
 'finish_reason': 'finished',
 'finish_time': datetime.datetime(2019, 5, 29, 7, 35, 55, 548731),
 'item_scraped_count': 3,
 'log_count/INFO': 10,
 'log_count/WARNING': 1,
 'request_depth_max': 39,
 'response_received_count': 118,
 'scheduler/dequeued': 122,
 'scheduler/dequeued/memory': 122,
 'scheduler/enqueued': 122,
 'scheduler/enqueued/memory': 122,
 'start_time': datetime.datetime(2019, 5, 29, 7, 32, 16, 593673)}
2019-05-29 09:35:55 [scrapy.core.engine] INFO: Spider closed (finished)
