2019-05-08 09:00:05 [scrapy.utils.log] INFO: Scrapy 1.5.1 started (bot: ARGUS)
2019-05-08 09:00:05 [scrapy.utils.log] INFO: Versions: lxml 4.2.4.0, libxml2 2.9.5, cssselect 1.0.3, parsel 1.5.0, w3lib 1.19.0, Twisted 18.7.0, Python 3.6.4 (v3.6.4:d48eceb, Dec 19 2017, 06:54:40) [MSC v.1900 64 bit (AMD64)], pyOpenSSL 18.0.0 (OpenSSL 1.1.0i  14 Aug 2018), cryptography 2.3.1, Platform Windows-7-6.1.7601-SP1
2019-05-08 09:00:05 [scrapy.crawler] INFO: Overridden settings: {'AJAXCRAWL_ENABLED': True, 'BOT_NAME': 'ARGUS', 'COMPRESSION_ENABLED': False, 'CONCURRENT_ITEMS': 200, 'CONCURRENT_REQUESTS': 100, 'COOKIES_ENABLED': False, 'DOWNLOAD_MAXSIZE': 10000000, 'DOWNLOAD_TIMEOUT': 20, 'FEED_URI': 'file:///C:/ARGUS-webarchive/ARGUS-webarchive/items/ARGUS/webarchive/e64b7414715e11e9abd400505680340c.jl', 'LOG_FILE': 'logs\\ARGUS\\webarchive\\e64b7414715e11e9abd400505680340c.log', 'NEWSPIDER_MODULE': 'ARGUS.spiders', 'REACTOR_THREADPOOL_MAXSIZE': 30, 'REDIRECT_MAX_TIMES': 2, 'RETRY_ENABLED': False, 'SPIDER_MODULES': ['ARGUS.spiders']}
2019-05-08 09:00:05 [py.warnings] WARNING: c:\python36\lib\site-packages\scrapy\utils\deprecate.py:156: ScrapyDeprecationWarning: `scrapy.contrib.feedexport.FeedExporter` class is deprecated, use `scrapy.extensions.feedexport.FeedExporter` instead
  ScrapyDeprecationWarning)

2019-05-08 09:00:05 [scrapy.middleware] INFO: Enabled extensions:
['scrapy.extensions.corestats.CoreStats',
 'scrapy.extensions.telnet.TelnetConsole',
 'scrapy.extensions.logstats.LogStats']
2019-05-08 09:00:05 [scrapy.middleware] INFO: Enabled downloader middlewares:
['scrapy.downloadermiddlewares.httpauth.HttpAuthMiddleware',
 'scrapy.downloadermiddlewares.downloadtimeout.DownloadTimeoutMiddleware',
 'scrapy.downloadermiddlewares.defaultheaders.DefaultHeadersMiddleware',
 'scrapy_fake_useragent.middleware.RandomUserAgentMiddleware',
 'scrapy.downloadermiddlewares.redirect.RedirectMiddleware',
 'scrapy.downloadermiddlewares.ajaxcrawl.AjaxCrawlMiddleware',
 'scrapy.downloadermiddlewares.redirect.MetaRefreshMiddleware',
 'scrapy.downloadermiddlewares.httpproxy.HttpProxyMiddleware',
 'scrapy.downloadermiddlewares.stats.DownloaderStats']
2019-05-08 09:00:05 [scrapy.middleware] INFO: Enabled spider middlewares:
['scrapy.spidermiddlewares.httperror.HttpErrorMiddleware',
 'scrapy.spidermiddlewares.offsite.OffsiteMiddleware',
 'scrapy.spidermiddlewares.referer.RefererMiddleware',
 'scrapy.spidermiddlewares.urllength.UrlLengthMiddleware',
 'scrapy.spidermiddlewares.depth.DepthMiddleware']
2019-05-08 09:00:05 [scrapy.middleware] INFO: Enabled item pipelines:
['ARGUS.pipelines.TextPipeline']
2019-05-08 09:00:05 [scrapy.core.engine] INFO: Spider opened
2019-05-08 09:00:05 [scrapy.extensions.logstats] INFO: Crawled 0 pages (at 0 pages/min), scraped 0 items (at 0 items/min)
2019-05-08 09:00:05 [scrapy.extensions.telnet] DEBUG: Telnet console listening on 127.0.0.1:6023
2019-05-08 09:00:05 [scrapy.downloadermiddlewares.redirect] DEBUG: Redirecting (301) to <GET https://www.spiegel.de/> from <GET http://spiegel.de>
2019-05-08 09:00:05 [scrapy.core.engine] DEBUG: Crawled (200) <GET https://www.spiegel.de/> (referer: None)
2019-05-08 09:00:05 [urllib3.connectionpool] DEBUG: Starting new HTTPS connection (1): web.archive.org:443
2019-05-08 09:00:06 [urllib3.connectionpool] DEBUG: https://web.archive.org:443 "GET /web/20120503id_/https://www.spiegel.de/ HTTP/1.1" 302 0
2019-05-08 09:00:08 [urllib3.connectionpool] DEBUG: https://web.archive.org:443 "GET /web/20120503234320id_/http://www.spiegel.de/ HTTP/1.1" 200 None
2019-05-08 09:00:10 [scrapy.core.engine] DEBUG: Crawled (200) <GET https://web.archive.org/web/20120503234320id_/http://www.spiegel.de/> (referer: https://www.spiegel.de/)
2019-05-08 09:00:10 [urllib3.connectionpool] DEBUG: Starting new HTTPS connection (1): web.archive.org:443
2019-05-08 09:00:11 [urllib3.connectionpool] DEBUG: https://web.archive.org:443 "GET /web/20160505id_/https://www.spiegel.de/ HTTP/1.1" 302 0
2019-05-08 09:00:12 [urllib3.connectionpool] DEBUG: https://web.archive.org:443 "GET /web/20160505235415id_/http://www.spiegel.de/ HTTP/1.1" 200 None
2019-05-08 09:00:14 [scrapy.core.engine] DEBUG: Crawled (200) <GET https://web.archive.org/web/20160505235415id_/http://www.spiegel.de/> (referer: https://web.archive.org/web/20120503234320id_/http://www.spiegel.de/)
2019-05-08 09:00:15 [scrapy.core.engine] DEBUG: Crawled (200) <GET https://web.archive.org/web/20160505235415id_/http://www.spiegel.de/> (referer: https://web.archive.org/web/20160505235415id_/http://www.spiegel.de/)
2019-05-08 09:00:15 [scrapy.core.engine] DEBUG: Crawled (301) <GET https://www.spiegel.de/anb> (referer: https://web.archive.org/web/20160505235415id_/http://www.spiegel.de/)
2019-05-08 09:00:15 [scrapy.core.engine] INFO: Closing spider (finished)
2019-05-08 09:00:15 [scrapy.statscollectors] INFO: Dumping Scrapy stats:
{'downloader/request_bytes': 1924,
 'downloader/request_count': 6,
 'downloader/request_method_count/GET': 6,
 'downloader/response_bytes': 1040411,
 'downloader/response_count': 6,
 'downloader/response_status_count/200': 4,
 'downloader/response_status_count/301': 2,
 'finish_reason': 'finished',
 'finish_time': datetime.datetime(2019, 5, 8, 7, 0, 15, 326361),
 'log_count/DEBUG': 13,
 'log_count/INFO': 7,
 'log_count/WARNING': 1,
 'request_depth_max': 4,
 'response_received_count': 5,
 'scheduler/dequeued': 6,
 'scheduler/dequeued/memory': 6,
 'scheduler/enqueued': 6,
 'scheduler/enqueued/memory': 6,
 'start_time': datetime.datetime(2019, 5, 8, 7, 0, 5, 385367)}
2019-05-08 09:00:15 [scrapy.core.engine] INFO: Spider closed (finished)
