2019-05-08 08:53:07 [scrapy.utils.log] INFO: Scrapy 1.5.1 started (bot: ARGUS)
2019-05-08 08:53:07 [scrapy.utils.log] INFO: Versions: lxml 4.2.4.0, libxml2 2.9.5, cssselect 1.0.3, parsel 1.5.0, w3lib 1.19.0, Twisted 18.7.0, Python 3.6.4 (v3.6.4:d48eceb, Dec 19 2017, 06:54:40) [MSC v.1900 64 bit (AMD64)], pyOpenSSL 18.0.0 (OpenSSL 1.1.0i  14 Aug 2018), cryptography 2.3.1, Platform Windows-7-6.1.7601-SP1
2019-05-08 08:53:07 [scrapy.crawler] INFO: Overridden settings: {'AJAXCRAWL_ENABLED': True, 'BOT_NAME': 'ARGUS', 'COMPRESSION_ENABLED': False, 'CONCURRENT_ITEMS': 200, 'CONCURRENT_REQUESTS': 100, 'COOKIES_ENABLED': False, 'DOWNLOAD_MAXSIZE': 10000000, 'DOWNLOAD_TIMEOUT': 20, 'FEED_URI': 'file:///C:/ARGUS-webarchive/ARGUS-webarchive/items/ARGUS/webarchive/ed5fbc4a715d11e9aba600505680340c.jl', 'LOG_FILE': 'logs\\ARGUS\\webarchive\\ed5fbc4a715d11e9aba600505680340c.log', 'NEWSPIDER_MODULE': 'ARGUS.spiders', 'REACTOR_THREADPOOL_MAXSIZE': 30, 'REDIRECT_MAX_TIMES': 2, 'RETRY_ENABLED': False, 'SPIDER_MODULES': ['ARGUS.spiders']}
2019-05-08 08:53:07 [py.warnings] WARNING: c:\python36\lib\site-packages\scrapy\utils\deprecate.py:156: ScrapyDeprecationWarning: `scrapy.contrib.feedexport.FeedExporter` class is deprecated, use `scrapy.extensions.feedexport.FeedExporter` instead
  ScrapyDeprecationWarning)

2019-05-08 08:53:07 [scrapy.middleware] INFO: Enabled extensions:
['scrapy.extensions.corestats.CoreStats',
 'scrapy.extensions.telnet.TelnetConsole',
 'scrapy.extensions.logstats.LogStats']
2019-05-08 08:53:07 [scrapy.middleware] INFO: Enabled downloader middlewares:
['scrapy.downloadermiddlewares.httpauth.HttpAuthMiddleware',
 'scrapy.downloadermiddlewares.downloadtimeout.DownloadTimeoutMiddleware',
 'scrapy.downloadermiddlewares.defaultheaders.DefaultHeadersMiddleware',
 'scrapy_fake_useragent.middleware.RandomUserAgentMiddleware',
 'scrapy.downloadermiddlewares.redirect.RedirectMiddleware',
 'scrapy.downloadermiddlewares.ajaxcrawl.AjaxCrawlMiddleware',
 'scrapy.downloadermiddlewares.redirect.MetaRefreshMiddleware',
 'scrapy.downloadermiddlewares.httpproxy.HttpProxyMiddleware',
 'scrapy.downloadermiddlewares.stats.DownloaderStats']
2019-05-08 08:53:07 [scrapy.middleware] INFO: Enabled spider middlewares:
['scrapy.spidermiddlewares.httperror.HttpErrorMiddleware',
 'scrapy.spidermiddlewares.offsite.OffsiteMiddleware',
 'scrapy.spidermiddlewares.referer.RefererMiddleware',
 'scrapy.spidermiddlewares.urllength.UrlLengthMiddleware',
 'scrapy.spidermiddlewares.depth.DepthMiddleware']
2019-05-08 08:53:07 [scrapy.middleware] INFO: Enabled item pipelines:
['ARGUS.pipelines.TextPipeline']
2019-05-08 08:53:07 [scrapy.core.engine] INFO: Spider opened
2019-05-08 08:53:07 [scrapy.extensions.logstats] INFO: Crawled 0 pages (at 0 pages/min), scraped 0 items (at 0 items/min)
2019-05-08 08:53:07 [scrapy.extensions.telnet] DEBUG: Telnet console listening on 127.0.0.1:6023
2019-05-08 08:53:07 [scrapy.downloadermiddlewares.redirect] DEBUG: Redirecting (meta refresh) to <GET http://www.bild.de/> from <GET http://bild.de>
2019-05-08 08:53:07 [scrapy.downloadermiddlewares.redirect] DEBUG: Redirecting (meta refresh) to <GET https://www.bild.de/> from <GET http://www.bild.de/>
2019-05-08 08:53:08 [scrapy.core.engine] DEBUG: Crawled (200) <GET https://www.bild.de/> (referer: None)
2019-05-08 08:53:08 [urllib3.connectionpool] DEBUG: Starting new HTTPS connection (1): web.archive.org:443
2019-05-08 08:53:08 [urllib3.connectionpool] DEBUG: https://web.archive.org:443 "GET /web/20120503id_/https://www.bild.de/ HTTP/1.1" 302 0
2019-05-08 08:53:11 [urllib3.connectionpool] DEBUG: https://web.archive.org:443 "GET /web/20120503234316id_/http://bild.de/ HTTP/1.1" 302 0
2019-05-08 08:53:13 [urllib3.connectionpool] DEBUG: https://web.archive.org:443 "GET /web/20120504011214id_/http://www.bild.de/ HTTP/1.1" 200 None
2019-05-08 08:53:15 [scrapy.core.engine] DEBUG: Crawled (200) <GET https://web.archive.org/web/20120504011214id_/http://www.bild.de/> (referer: https://www.bild.de/)
2019-05-08 08:53:15 [urllib3.connectionpool] DEBUG: Starting new HTTPS connection (1): web.archive.org:443
2019-05-08 08:53:17 [urllib3.connectionpool] DEBUG: https://web.archive.org:443 "GET /web/20160505id_/https://www.bild.de/ HTTP/1.1" 302 0
2019-05-08 08:53:18 [urllib3.connectionpool] DEBUG: https://web.archive.org:443 "GET /web/20160505222707id_/http://www.bild.de/ HTTP/1.1" 200 None
2019-05-08 08:53:21 [scrapy.core.engine] DEBUG: Crawled (200) <GET https://web.archive.org/web/20160505222707id_/http://www.bild.de/> (referer: https://web.archive.org/web/20120504011214id_/http://www.bild.de/)
2019-05-08 08:53:21 [scrapy.core.engine] DEBUG: Crawled (200) <GET https://web.archive.org/web/20160505222707id_/http://www.bild.de/> (referer: https://web.archive.org/web/20160505222707id_/http://www.bild.de/)
2019-05-08 08:53:22 [scrapy.core.engine] DEBUG: Crawled (200) <GET https://www.bild.de/vergleich/> (referer: https://web.archive.org/web/20160505222707id_/http://www.bild.de/)
2019-05-08 08:53:22 [urllib3.connectionpool] DEBUG: Starting new HTTPS connection (1): web.archive.org:443
2019-05-08 08:53:23 [urllib3.connectionpool] DEBUG: https://web.archive.org:443 "GET /web/20120503id_/https://www.bild.de/vergleich/ HTTP/1.1" 302 0
2019-05-08 08:53:23 [urllib3.connectionpool] DEBUG: https://web.archive.org:443 "GET /web/20190313231102id_/https://www.bild.de/vergleich/ HTTP/1.1" 200 None
2019-05-08 08:53:24 [scrapy.core.engine] DEBUG: Crawled (200) <GET https://web.archive.org/web/20190313231102id_/https://www.bild.de/vergleich/> (referer: https://www.bild.de/vergleich/)
2019-05-08 08:53:24 [urllib3.connectionpool] DEBUG: Starting new HTTPS connection (1): web.archive.org:443
2019-05-08 08:53:25 [urllib3.connectionpool] DEBUG: https://web.archive.org:443 "GET /web/20160505id_/https://www.bild.de/vergleich/ HTTP/1.1" 302 0
2019-05-08 08:53:25 [urllib3.connectionpool] DEBUG: https://web.archive.org:443 "GET /web/20190313231102id_/https://www.bild.de/vergleich/ HTTP/1.1" 200 None
2019-05-08 08:53:25 [scrapy.core.engine] DEBUG: Crawled (200) <GET https://web.archive.org/web/20190313231102id_/https://www.bild.de/vergleich/> (referer: https://web.archive.org/web/20190313231102id_/https://www.bild.de/vergleich/)
2019-05-08 08:53:26 [scrapy.core.engine] DEBUG: Crawled (200) <GET https://web.archive.org/web/20190313231102id_/https://www.bild.de/vergleich/> (referer: https://web.archive.org/web/20190313231102id_/https://www.bild.de/vergleich/)
2019-05-08 08:53:26 [scrapy.core.engine] DEBUG: Crawled (301) <GET https://www.bild.de/vergleich> (referer: https://web.archive.org/web/20190313231102id_/https://www.bild.de/vergleich/)
2019-05-08 08:53:26 [urllib3.connectionpool] DEBUG: Starting new HTTPS connection (1): web.archive.org:443
2019-05-08 08:53:27 [urllib3.connectionpool] DEBUG: https://web.archive.org:443 "GET /web/20120503id_/https://www.bild.de/vergleich HTTP/1.1" 302 0
2019-05-08 08:53:27 [urllib3.connectionpool] DEBUG: https://web.archive.org:443 "GET /web/20190313231102id_/https://www.bild.de/vergleich/ HTTP/1.1" 200 None
2019-05-08 08:53:27 [scrapy.core.engine] DEBUG: Crawled (200) <GET https://web.archive.org/web/20190313231102id_/https://www.bild.de/vergleich/> (referer: https://www.bild.de/vergleich)
2019-05-08 08:53:27 [urllib3.connectionpool] DEBUG: Starting new HTTPS connection (1): web.archive.org:443
2019-05-08 08:53:28 [urllib3.connectionpool] DEBUG: https://web.archive.org:443 "GET /web/20160505id_/https://www.bild.de/vergleich HTTP/1.1" 302 0
2019-05-08 08:53:28 [urllib3.connectionpool] DEBUG: https://web.archive.org:443 "GET /web/20190313231102id_/https://www.bild.de/vergleich/ HTTP/1.1" 200 None
2019-05-08 08:53:29 [scrapy.core.engine] DEBUG: Crawled (200) <GET https://web.archive.org/web/20190313231102id_/https://www.bild.de/vergleich/> (referer: https://web.archive.org/web/20190313231102id_/https://www.bild.de/vergleich/)
2019-05-08 08:53:30 [scrapy.core.engine] DEBUG: Crawled (200) <GET https://web.archive.org/web/20190313231102id_/https://www.bild.de/vergleich/> (referer: https://web.archive.org/web/20190313231102id_/https://www.bild.de/vergleich/)
2019-05-08 08:53:30 [scrapy.core.scraper] DEBUG: Scraped from <200 https://web.archive.org/web/20190313231102id_/https://www.bild.de/vergleich/>
None
2019-05-08 08:53:30 [scrapy.core.engine] INFO: Closing spider (finished)
2019-05-08 08:53:30 [scrapy.statscollectors] INFO: Dumping Scrapy stats:
{'downloader/request_bytes': 4632,
 'downloader/request_count': 14,
 'downloader/request_method_count/GET': 14,
 'downloader/response_bytes': 1344042,
 'downloader/response_count': 14,
 'downloader/response_status_count/200': 11,
 'downloader/response_status_count/301': 3,
 'finish_reason': 'finished',
 'finish_time': datetime.datetime(2019, 5, 8, 6, 53, 30, 212853),
 'item_scraped_count': 1,
 'log_count/DEBUG': 35,
 'log_count/INFO': 7,
 'log_count/WARNING': 1,
 'request_depth_max': 11,
 'response_received_count': 12,
 'scheduler/dequeued': 14,
 'scheduler/dequeued/memory': 14,
 'scheduler/enqueued': 14,
 'scheduler/enqueued/memory': 14,
 'start_time': datetime.datetime(2019, 5, 8, 6, 53, 7, 806613)}
2019-05-08 08:53:30 [scrapy.core.engine] INFO: Spider closed (finished)
