2019-05-06 10:50:10 [scrapy.utils.log] INFO: Scrapy 1.5.1 started (bot: ARGUS)
2019-05-06 10:50:10 [scrapy.utils.log] INFO: Versions: lxml 4.2.4.0, libxml2 2.9.5, cssselect 1.0.3, parsel 1.5.0, w3lib 1.19.0, Twisted 18.7.0, Python 3.6.4 (v3.6.4:d48eceb, Dec 19 2017, 06:54:40) [MSC v.1900 64 bit (AMD64)], pyOpenSSL 18.0.0 (OpenSSL 1.1.0i  14 Aug 2018), cryptography 2.3.1, Platform Windows-7-6.1.7601-SP1
2019-05-06 10:50:10 [scrapy.crawler] INFO: Overridden settings: {'AJAXCRAWL_ENABLED': True, 'BOT_NAME': 'ARGUS', 'COMPRESSION_ENABLED': False, 'CONCURRENT_ITEMS': 200, 'CONCURRENT_REQUESTS': 100, 'COOKIES_ENABLED': False, 'DOWNLOAD_MAXSIZE': 10000000, 'DOWNLOAD_TIMEOUT': 20, 'FEED_URI': 'file:///C:/ARGUS-webarchive/ARGUS-webarchive/items/ARGUS/webarchive/f2e7721c6fdb11e98d5f00505680340c.jl', 'LOG_FILE': 'logs\\ARGUS\\webarchive\\f2e7721c6fdb11e98d5f00505680340c.log', 'LOG_LEVEL': 'INFO', 'NEWSPIDER_MODULE': 'ARGUS.spiders', 'REACTOR_THREADPOOL_MAXSIZE': 30, 'REDIRECT_MAX_TIMES': 2, 'RETRY_ENABLED': False, 'SPIDER_MODULES': ['ARGUS.spiders']}
2019-05-06 10:50:10 [py.warnings] WARNING: c:\python36\lib\site-packages\scrapy\utils\deprecate.py:156: ScrapyDeprecationWarning: `scrapy.contrib.feedexport.FeedExporter` class is deprecated, use `scrapy.extensions.feedexport.FeedExporter` instead
  ScrapyDeprecationWarning)

2019-05-06 10:50:10 [scrapy.middleware] INFO: Enabled extensions:
['scrapy.extensions.corestats.CoreStats',
 'scrapy.extensions.telnet.TelnetConsole',
 'scrapy.extensions.logstats.LogStats']
2019-05-06 10:50:10 [scrapy.middleware] INFO: Enabled downloader middlewares:
['scrapy.downloadermiddlewares.httpauth.HttpAuthMiddleware',
 'scrapy.downloadermiddlewares.downloadtimeout.DownloadTimeoutMiddleware',
 'scrapy.downloadermiddlewares.defaultheaders.DefaultHeadersMiddleware',
 'scrapy_fake_useragent.middleware.RandomUserAgentMiddleware',
 'scrapy.downloadermiddlewares.redirect.RedirectMiddleware',
 'scrapy.downloadermiddlewares.ajaxcrawl.AjaxCrawlMiddleware',
 'scrapy.downloadermiddlewares.redirect.MetaRefreshMiddleware',
 'scrapy.downloadermiddlewares.httpproxy.HttpProxyMiddleware',
 'scrapy.downloadermiddlewares.stats.DownloaderStats']
2019-05-06 10:50:10 [scrapy.middleware] INFO: Enabled spider middlewares:
['scrapy.spidermiddlewares.httperror.HttpErrorMiddleware',
 'scrapy.spidermiddlewares.offsite.OffsiteMiddleware',
 'scrapy.spidermiddlewares.referer.RefererMiddleware',
 'scrapy.spidermiddlewares.urllength.UrlLengthMiddleware',
 'scrapy.spidermiddlewares.depth.DepthMiddleware']
2019-05-06 10:50:10 [scrapy.middleware] INFO: Enabled item pipelines:
['ARGUS.pipelines.TextPipeline']
2019-05-06 10:50:10 [scrapy.core.engine] INFO: Spider opened
2019-05-06 10:50:10 [scrapy.extensions.logstats] INFO: Crawled 0 pages (at 0 pages/min), scraped 0 items (at 0 items/min)
2019-05-06 10:50:39 [scrapy.core.scraper] ERROR: Spider error processing <GET https://web.archive.org/web/20110504173459id_/http://www.uni-heidelberg.de/> (referer: https://www.uni-heidelberg.de/)
Traceback (most recent call last):
  File "c:\python36\lib\site-packages\scrapy\utils\defer.py", line 102, in iter_errback
    yield next(it)
  File "C:\ARGUS-webarchive\ARGUS-webarchive\ARGUS\spiders\webarchive.py", line 432, in processURLstack
    yield scrapy.Request(url, meta={"loader": loader, "urlstack": urlstack, "fingerprints": fingerprints, "original_datestack": response.meta["original_datestack"],'handle_httpstatus_all': True, 'current_url': url}, dont_filter=True, callback=self.parse_subpage, errback=self.processURLstack)
AttributeError: 'Failure' object has no attribute 'meta'
2019-05-06 10:51:12 [scrapy.extensions.logstats] INFO: Crawled 31 pages (at 31 pages/min), scraped 0 items (at 0 items/min)
2019-05-06 10:52:11 [scrapy.extensions.logstats] INFO: Crawled 78 pages (at 47 pages/min), scraped 2 items (at 2 items/min)
2019-05-06 10:52:50 [scrapy.core.engine] INFO: Closing spider (finished)
2019-05-06 10:52:50 [scrapy.statscollectors] INFO: Dumping Scrapy stats:
{'downloader/exception_count': 1,
 'downloader/exception_type_count/twisted.internet.error.TimeoutError': 1,
 'downloader/request_bytes': 37408,
 'downloader/request_count': 104,
 'downloader/request_method_count/GET': 104,
 'downloader/response_bytes': 14753455,
 'downloader/response_count': 103,
 'downloader/response_status_count/200': 95,
 'downloader/response_status_count/301': 6,
 'downloader/response_status_count/302': 2,
 'finish_reason': 'finished',
 'finish_time': datetime.datetime(2019, 5, 6, 8, 52, 50, 390889),
 'item_scraped_count': 3,
 'log_count/ERROR': 1,
 'log_count/INFO': 9,
 'log_count/WARNING': 1,
 'request_depth_max': 39,
 'response_received_count': 96,
 'scheduler/dequeued': 104,
 'scheduler/dequeued/memory': 104,
 'scheduler/enqueued': 104,
 'scheduler/enqueued/memory': 104,
 'spider_exceptions/AttributeError': 1,
 'start_time': datetime.datetime(2019, 5, 6, 8, 50, 10, 638915)}
2019-05-06 10:52:50 [scrapy.core.engine] INFO: Spider closed (finished)
